Determining if the pthread_create exist failed with the following output:
Change Dir: /home/origamidance/.CLion2016.2/system/cmake/generated/ofxGeoFramework-4ae38f71/4ae38f71/RelWithDebInfo/CMakeFiles/CMakeTmp

Run Build Command:"/usr/bin/make" "cmTC_51f9f/fast"
/usr/bin/make -f CMakeFiles/cmTC_51f9f.dir/build.make CMakeFiles/cmTC_51f9f.dir/build
make[1]: Entering directory '/home/origamidance/.CLion2016.2/system/cmake/generated/ofxGeoFramework-4ae38f71/4ae38f71/RelWithDebInfo/CMakeFiles/CMakeTmp'
Building C object CMakeFiles/cmTC_51f9f.dir/CheckSymbolExists.c.o
/usr/bin/clang     -o CMakeFiles/cmTC_51f9f.dir/CheckSymbolExists.c.o   -c /home/origamidance/.CLion2016.2/system/cmake/generated/ofxGeoFramework-4ae38f71/4ae38f71/RelWithDebInfo/CMakeFiles/CMakeTmp/CheckSymbolExists.c
Linking C executable cmTC_51f9f
/opt/clion/bin/cmake/bin/cmake -E cmake_link_script CMakeFiles/cmTC_51f9f.dir/link.txt --verbose=1
/usr/bin/clang       CMakeFiles/cmTC_51f9f.dir/CheckSymbolExists.c.o  -o cmTC_51f9f -rdynamic 
CMakeFiles/cmTC_51f9f.dir/CheckSymbolExists.c.o: In function `main':
/home/origamidance/.CLion2016.2/system/cmake/generated/ofxGeoFramework-4ae38f71/4ae38f71/RelWithDebInfo/CMakeFiles/CMakeTmp/CheckSymbolExists.c:(.text+0x19): undefined reference to `pthread_create'
clang-3.8: error: linker command failed with exit code 1 (use -v to see invocation)
make[1]: *** [CMakeFiles/cmTC_51f9f.dir/build.make:98: cmTC_51f9f] Error 1
make[1]: Leaving directory '/home/origamidance/.CLion2016.2/system/cmake/generated/ofxGeoFramework-4ae38f71/4ae38f71/RelWithDebInfo/CMakeFiles/CMakeTmp'
make: *** [Makefile:126: cmTC_51f9f/fast] Error 2

File /home/origamidance/.CLion2016.2/system/cmake/generated/ofxGeoFramework-4ae38f71/4ae38f71/RelWithDebInfo/CMakeFiles/CMakeTmp/CheckSymbolExists.c:
/* */
#include <pthread.h>

int main(int argc, char** argv)
{
  (void)argv;
#ifndef pthread_create
  return ((int*)(&pthread_create))[argc];
#else
  (void)argc;
  return 0;
#endif
}

Determining if the function pthread_create exists in the pthreads failed with the following output:
Change Dir: /home/origamidance/.CLion2016.2/system/cmake/generated/ofxGeoFramework-4ae38f71/4ae38f71/RelWithDebInfo/CMakeFiles/CMakeTmp

Run Build Command:"/usr/bin/make" "cmTC_e56fe/fast"
/usr/bin/make -f CMakeFiles/cmTC_e56fe.dir/build.make CMakeFiles/cmTC_e56fe.dir/build
make[1]: Entering directory '/home/origamidance/.CLion2016.2/system/cmake/generated/ofxGeoFramework-4ae38f71/4ae38f71/RelWithDebInfo/CMakeFiles/CMakeTmp'
Building C object CMakeFiles/cmTC_e56fe.dir/CheckFunctionExists.c.o
/usr/bin/clang    -DCHECK_FUNCTION_EXISTS=pthread_create   -o CMakeFiles/cmTC_e56fe.dir/CheckFunctionExists.c.o   -c /opt/clion/bin/cmake/share/cmake-3.5/Modules/CheckFunctionExists.c
Linking C executable cmTC_e56fe
/opt/clion/bin/cmake/bin/cmake -E cmake_link_script CMakeFiles/cmTC_e56fe.dir/link.txt --verbose=1
/usr/bin/clang   -DCHECK_FUNCTION_EXISTS=pthread_create    CMakeFiles/cmTC_e56fe.dir/CheckFunctionExists.c.o  -o cmTC_e56fe -rdynamic -lpthreads 
/usr/bin/ld: cannot find -lpthreads
clang-3.8: error: linker command failed with exit code 1 (use -v to see invocation)
make[1]: *** [CMakeFiles/cmTC_e56fe.dir/build.make:98: cmTC_e56fe] Error 1
make[1]: Leaving directory '/home/origamidance/.CLion2016.2/system/cmake/generated/ofxGeoFramework-4ae38f71/4ae38f71/RelWithDebInfo/CMakeFiles/CMakeTmp'
make: *** [Makefile:126: cmTC_e56fe/fast] Error 2


