Determining if the pthread_create exist failed with the following output:
Change Dir: /home/origamidance/.CLion2016.2/system/cmake/generated/ofxGeoFramework-4ae38f71/4ae38f71/__default__/CMakeFiles/CMakeTmp

Run Build Command:"/usr/bin/make" "cmTC_be142/fast"
/usr/bin/make -f CMakeFiles/cmTC_be142.dir/build.make CMakeFiles/cmTC_be142.dir/build
make[1]: Entering directory '/home/origamidance/.CLion2016.2/system/cmake/generated/ofxGeoFramework-4ae38f71/4ae38f71/__default__/CMakeFiles/CMakeTmp'
Building C object CMakeFiles/cmTC_be142.dir/CheckSymbolExists.c.o
/usr/bin/clang     -o CMakeFiles/cmTC_be142.dir/CheckSymbolExists.c.o   -c /home/origamidance/.CLion2016.2/system/cmake/generated/ofxGeoFramework-4ae38f71/4ae38f71/__default__/CMakeFiles/CMakeTmp/CheckSymbolExists.c
Linking C executable cmTC_be142
/opt/clion/bin/cmake/bin/cmake -E cmake_link_script CMakeFiles/cmTC_be142.dir/link.txt --verbose=1
/usr/bin/clang       CMakeFiles/cmTC_be142.dir/CheckSymbolExists.c.o  -o cmTC_be142 -rdynamic 
CMakeFiles/cmTC_be142.dir/CheckSymbolExists.c.o: In function `main':
/home/origamidance/.CLion2016.2/system/cmake/generated/ofxGeoFramework-4ae38f71/4ae38f71/__default__/CMakeFiles/CMakeTmp/CheckSymbolExists.c:(.text+0x19): undefined reference to `pthread_create'
clang-3.8: error: linker command failed with exit code 1 (use -v to see invocation)
make[1]: *** [CMakeFiles/cmTC_be142.dir/build.make:98: cmTC_be142] Error 1
make[1]: Leaving directory '/home/origamidance/.CLion2016.2/system/cmake/generated/ofxGeoFramework-4ae38f71/4ae38f71/__default__/CMakeFiles/CMakeTmp'
make: *** [Makefile:126: cmTC_be142/fast] Error 2

File /home/origamidance/.CLion2016.2/system/cmake/generated/ofxGeoFramework-4ae38f71/4ae38f71/__default__/CMakeFiles/CMakeTmp/CheckSymbolExists.c:
/* */
#include <pthread.h>

int main(int argc, char** argv)
{
  (void)argv;
#ifndef pthread_create
  return ((int*)(&pthread_create))[argc];
#else
  (void)argc;
  return 0;
#endif
}

Determining if the function pthread_create exists in the pthreads failed with the following output:
Change Dir: /home/origamidance/.CLion2016.2/system/cmake/generated/ofxGeoFramework-4ae38f71/4ae38f71/__default__/CMakeFiles/CMakeTmp

Run Build Command:"/usr/bin/make" "cmTC_ff4ce/fast"
/usr/bin/make -f CMakeFiles/cmTC_ff4ce.dir/build.make CMakeFiles/cmTC_ff4ce.dir/build
make[1]: Entering directory '/home/origamidance/.CLion2016.2/system/cmake/generated/ofxGeoFramework-4ae38f71/4ae38f71/__default__/CMakeFiles/CMakeTmp'
Building C object CMakeFiles/cmTC_ff4ce.dir/CheckFunctionExists.c.o
/usr/bin/clang    -DCHECK_FUNCTION_EXISTS=pthread_create   -o CMakeFiles/cmTC_ff4ce.dir/CheckFunctionExists.c.o   -c /opt/clion/bin/cmake/share/cmake-3.5/Modules/CheckFunctionExists.c
Linking C executable cmTC_ff4ce
/opt/clion/bin/cmake/bin/cmake -E cmake_link_script CMakeFiles/cmTC_ff4ce.dir/link.txt --verbose=1
/usr/bin/clang   -DCHECK_FUNCTION_EXISTS=pthread_create    CMakeFiles/cmTC_ff4ce.dir/CheckFunctionExists.c.o  -o cmTC_ff4ce -rdynamic -lpthreads 
/usr/bin/ld: cannot find -lpthreads
clang-3.8: error: linker command failed with exit code 1 (use -v to see invocation)
make[1]: *** [CMakeFiles/cmTC_ff4ce.dir/build.make:98: cmTC_ff4ce] Error 1
make[1]: Leaving directory '/home/origamidance/.CLion2016.2/system/cmake/generated/ofxGeoFramework-4ae38f71/4ae38f71/__default__/CMakeFiles/CMakeTmp'
make: *** [Makefile:126: cmTC_ff4ce/fast] Error 2


