The system is: Linux - 4.7.2-1-ARCH - x86_64
Compiling the C compiler identification source file "CMakeCCompilerId.c" succeeded.
Compiler: /usr/bin/cc 
Build flags: 
Id flags: 

The output was:
0


Compilation of the C compiler identification source "CMakeCCompilerId.c" produced "a.out"

The C compiler identification is GNU, found in "/home/origamidance/.CLion2016.2/system/cmake/generated/cmake-e6d0a86b/e6d0a86b/__default__/CMakeFiles/3.6.2/CompilerIdC/a.out"

Compiling the CXX compiler identification source file "CMakeCXXCompilerId.cpp" succeeded.
Compiler: /usr/bin/c++ 
Build flags: 
Id flags: 

The output was:
0


Compilation of the CXX compiler identification source "CMakeCXXCompilerId.cpp" produced "a.out"

The CXX compiler identification is GNU, found in "/home/origamidance/.CLion2016.2/system/cmake/generated/cmake-e6d0a86b/e6d0a86b/__default__/CMakeFiles/3.6.2/CompilerIdCXX/a.out"

Determining if the C compiler works passed with the following output:
Change Dir: /home/origamidance/.CLion2016.2/system/cmake/generated/cmake-e6d0a86b/e6d0a86b/__default__/CMakeFiles/CMakeTmp

Run Build Command:"/usr/bin/make" "cmTC_91332/fast"
/usr/bin/make -f CMakeFiles/cmTC_91332.dir/build.make CMakeFiles/cmTC_91332.dir/build
make[1]: Entering directory '/home/origamidance/.CLion2016.2/system/cmake/generated/cmake-e6d0a86b/e6d0a86b/__default__/CMakeFiles/CMakeTmp'
Building C object CMakeFiles/cmTC_91332.dir/testCCompiler.c.o
/usr/bin/cc     -o CMakeFiles/cmTC_91332.dir/testCCompiler.c.o   -c /home/origamidance/.CLion2016.2/system/cmake/generated/cmake-e6d0a86b/e6d0a86b/__default__/CMakeFiles/CMakeTmp/testCCompiler.c
Linking C executable cmTC_91332
/usr/bin/cmake -E cmake_link_script CMakeFiles/cmTC_91332.dir/link.txt --verbose=1
/usr/bin/cc       CMakeFiles/cmTC_91332.dir/testCCompiler.c.o  -o cmTC_91332 -rdynamic 
make[1]: Leaving directory '/home/origamidance/.CLion2016.2/system/cmake/generated/cmake-e6d0a86b/e6d0a86b/__default__/CMakeFiles/CMakeTmp'


Detecting C compiler ABI info compiled with the following output:
Change Dir: /home/origamidance/.CLion2016.2/system/cmake/generated/cmake-e6d0a86b/e6d0a86b/__default__/CMakeFiles/CMakeTmp

Run Build Command:"/usr/bin/make" "cmTC_efdbf/fast"
/usr/bin/make -f CMakeFiles/cmTC_efdbf.dir/build.make CMakeFiles/cmTC_efdbf.dir/build
make[1]: Entering directory '/home/origamidance/.CLion2016.2/system/cmake/generated/cmake-e6d0a86b/e6d0a86b/__default__/CMakeFiles/CMakeTmp'
Building C object CMakeFiles/cmTC_efdbf.dir/CMakeCCompilerABI.c.o
/usr/bin/cc     -o CMakeFiles/cmTC_efdbf.dir/CMakeCCompilerABI.c.o   -c /usr/share/cmake-3.6/Modules/CMakeCCompilerABI.c
Linking C executable cmTC_efdbf
/usr/bin/cmake -E cmake_link_script CMakeFiles/cmTC_efdbf.dir/link.txt --verbose=1
/usr/bin/cc      -v CMakeFiles/cmTC_efdbf.dir/CMakeCCompilerABI.c.o  -o cmTC_efdbf -rdynamic  
Using built-in specs.
COLLECT_GCC=/usr/bin/cc
COLLECT_LTO_WRAPPER=/usr/lib/gcc/x86_64-pc-linux-gnu/6.2.1/lto-wrapper
Target: x86_64-pc-linux-gnu
Configured with: /build/gcc/src/gcc/configure --prefix=/usr --libdir=/usr/lib --libexecdir=/usr/lib --mandir=/usr/share/man --infodir=/usr/share/info --with-bugurl=https://bugs.archlinux.org/ --enable-languages=c,c++,ada,fortran,go,lto,objc,obj-c++ --enable-shared --enable-threads=posix --enable-libmpx --with-system-zlib --with-isl --enable-__cxa_atexit --disable-libunwind-exceptions --enable-clocale=gnu --disable-libstdcxx-pch --disable-libssp --enable-gnu-unique-object --enable-linker-build-id --enable-lto --enable-plugin --enable-install-libiberty --with-linker-hash-style=gnu --enable-gnu-indirect-function --disable-multilib --disable-werror --enable-checking=release
Thread model: posix
gcc version 6.2.1 20160830 (GCC) 
COMPILER_PATH=/usr/lib/gcc/x86_64-pc-linux-gnu/6.2.1/:/usr/lib/gcc/x86_64-pc-linux-gnu/6.2.1/:/usr/lib/gcc/x86_64-pc-linux-gnu/:/usr/lib/gcc/x86_64-pc-linux-gnu/6.2.1/:/usr/lib/gcc/x86_64-pc-linux-gnu/
LIBRARY_PATH=/usr/lib/gcc/x86_64-pc-linux-gnu/6.2.1/:/usr/lib/gcc/x86_64-pc-linux-gnu/6.2.1/../../../../lib/:/lib/../lib/:/usr/lib/../lib/:/usr/lib/gcc/x86_64-pc-linux-gnu/6.2.1/../../../:/lib/:/usr/lib/
COLLECT_GCC_OPTIONS='-v' '-o' 'cmTC_efdbf' '-rdynamic' '-mtune=generic' '-march=x86-64'
 /usr/lib/gcc/x86_64-pc-linux-gnu/6.2.1/collect2 -plugin /usr/lib/gcc/x86_64-pc-linux-gnu/6.2.1/liblto_plugin.so -plugin-opt=/usr/lib/gcc/x86_64-pc-linux-gnu/6.2.1/lto-wrapper -plugin-opt=-fresolution=/tmp/cc4kYzFD.res -plugin-opt=-pass-through=-lgcc -plugin-opt=-pass-through=-lgcc_s -plugin-opt=-pass-through=-lc -plugin-opt=-pass-through=-lgcc -plugin-opt=-pass-through=-lgcc_s --build-id --eh-frame-hdr --hash-style=gnu -m elf_x86_64 -export-dynamic -dynamic-linker /lib64/ld-linux-x86-64.so.2 -o cmTC_efdbf /usr/lib/gcc/x86_64-pc-linux-gnu/6.2.1/../../../../lib/crt1.o /usr/lib/gcc/x86_64-pc-linux-gnu/6.2.1/../../../../lib/crti.o /usr/lib/gcc/x86_64-pc-linux-gnu/6.2.1/crtbegin.o -L/usr/lib/gcc/x86_64-pc-linux-gnu/6.2.1 -L/usr/lib/gcc/x86_64-pc-linux-gnu/6.2.1/../../../../lib -L/lib/../lib -L/usr/lib/../lib -L/usr/lib/gcc/x86_64-pc-linux-gnu/6.2.1/../../.. CMakeFiles/cmTC_efdbf.dir/CMakeCCompilerABI.c.o -lgcc --as-needed -lgcc_s --no-as-needed -lc -lgcc --as-needed -lgcc_s --no-as-needed /usr/lib/gcc/x86_64-pc-linux-gnu/6.2.1/crtend.o /usr/lib/gcc/x86_64-pc-linux-gnu/6.2.1/../../../../lib/crtn.o
COLLECT_GCC_OPTIONS='-v' '-o' 'cmTC_efdbf' '-rdynamic' '-mtune=generic' '-march=x86-64'
make[1]: Leaving directory '/home/origamidance/.CLion2016.2/system/cmake/generated/cmake-e6d0a86b/e6d0a86b/__default__/CMakeFiles/CMakeTmp'


Parsed C implicit link information from above output:
  link line regex: [^( *|.*[/\])(ld|([^/\]+-)?ld|collect2)[^/\]*( |$)]
  ignore line: [Change Dir: /home/origamidance/.CLion2016.2/system/cmake/generated/cmake-e6d0a86b/e6d0a86b/__default__/CMakeFiles/CMakeTmp]
  ignore line: []
  ignore line: [Run Build Command:"/usr/bin/make" "cmTC_efdbf/fast"]
  ignore line: [/usr/bin/make -f CMakeFiles/cmTC_efdbf.dir/build.make CMakeFiles/cmTC_efdbf.dir/build]
  ignore line: [make[1]: Entering directory '/home/origamidance/.CLion2016.2/system/cmake/generated/cmake-e6d0a86b/e6d0a86b/__default__/CMakeFiles/CMakeTmp']
  ignore line: [Building C object CMakeFiles/cmTC_efdbf.dir/CMakeCCompilerABI.c.o]
  ignore line: [/usr/bin/cc     -o CMakeFiles/cmTC_efdbf.dir/CMakeCCompilerABI.c.o   -c /usr/share/cmake-3.6/Modules/CMakeCCompilerABI.c]
  ignore line: [Linking C executable cmTC_efdbf]
  ignore line: [/usr/bin/cmake -E cmake_link_script CMakeFiles/cmTC_efdbf.dir/link.txt --verbose=1]
  ignore line: [/usr/bin/cc      -v CMakeFiles/cmTC_efdbf.dir/CMakeCCompilerABI.c.o  -o cmTC_efdbf -rdynamic  ]
  ignore line: [Using built-in specs.]
  ignore line: [COLLECT_GCC=/usr/bin/cc]
  ignore line: [COLLECT_LTO_WRAPPER=/usr/lib/gcc/x86_64-pc-linux-gnu/6.2.1/lto-wrapper]
  ignore line: [Target: x86_64-pc-linux-gnu]
  ignore line: [Configured with: /build/gcc/src/gcc/configure --prefix=/usr --libdir=/usr/lib --libexecdir=/usr/lib --mandir=/usr/share/man --infodir=/usr/share/info --with-bugurl=https://bugs.archlinux.org/ --enable-languages=c,c++,ada,fortran,go,lto,objc,obj-c++ --enable-shared --enable-threads=posix --enable-libmpx --with-system-zlib --with-isl --enable-__cxa_atexit --disable-libunwind-exceptions --enable-clocale=gnu --disable-libstdcxx-pch --disable-libssp --enable-gnu-unique-object --enable-linker-build-id --enable-lto --enable-plugin --enable-install-libiberty --with-linker-hash-style=gnu --enable-gnu-indirect-function --disable-multilib --disable-werror --enable-checking=release]
  ignore line: [Thread model: posix]
  ignore line: [gcc version 6.2.1 20160830 (GCC) ]
  ignore line: [COMPILER_PATH=/usr/lib/gcc/x86_64-pc-linux-gnu/6.2.1/:/usr/lib/gcc/x86_64-pc-linux-gnu/6.2.1/:/usr/lib/gcc/x86_64-pc-linux-gnu/:/usr/lib/gcc/x86_64-pc-linux-gnu/6.2.1/:/usr/lib/gcc/x86_64-pc-linux-gnu/]
  ignore line: [LIBRARY_PATH=/usr/lib/gcc/x86_64-pc-linux-gnu/6.2.1/:/usr/lib/gcc/x86_64-pc-linux-gnu/6.2.1/../../../../lib/:/lib/../lib/:/usr/lib/../lib/:/usr/lib/gcc/x86_64-pc-linux-gnu/6.2.1/../../../:/lib/:/usr/lib/]
  ignore line: [COLLECT_GCC_OPTIONS='-v' '-o' 'cmTC_efdbf' '-rdynamic' '-mtune=generic' '-march=x86-64']
  link line: [ /usr/lib/gcc/x86_64-pc-linux-gnu/6.2.1/collect2 -plugin /usr/lib/gcc/x86_64-pc-linux-gnu/6.2.1/liblto_plugin.so -plugin-opt=/usr/lib/gcc/x86_64-pc-linux-gnu/6.2.1/lto-wrapper -plugin-opt=-fresolution=/tmp/cc4kYzFD.res -plugin-opt=-pass-through=-lgcc -plugin-opt=-pass-through=-lgcc_s -plugin-opt=-pass-through=-lc -plugin-opt=-pass-through=-lgcc -plugin-opt=-pass-through=-lgcc_s --build-id --eh-frame-hdr --hash-style=gnu -m elf_x86_64 -export-dynamic -dynamic-linker /lib64/ld-linux-x86-64.so.2 -o cmTC_efdbf /usr/lib/gcc/x86_64-pc-linux-gnu/6.2.1/../../../../lib/crt1.o /usr/lib/gcc/x86_64-pc-linux-gnu/6.2.1/../../../../lib/crti.o /usr/lib/gcc/x86_64-pc-linux-gnu/6.2.1/crtbegin.o -L/usr/lib/gcc/x86_64-pc-linux-gnu/6.2.1 -L/usr/lib/gcc/x86_64-pc-linux-gnu/6.2.1/../../../../lib -L/lib/../lib -L/usr/lib/../lib -L/usr/lib/gcc/x86_64-pc-linux-gnu/6.2.1/../../.. CMakeFiles/cmTC_efdbf.dir/CMakeCCompilerABI.c.o -lgcc --as-needed -lgcc_s --no-as-needed -lc -lgcc --as-needed -lgcc_s --no-as-needed /usr/lib/gcc/x86_64-pc-linux-gnu/6.2.1/crtend.o /usr/lib/gcc/x86_64-pc-linux-gnu/6.2.1/../../../../lib/crtn.o]
    arg [/usr/lib/gcc/x86_64-pc-linux-gnu/6.2.1/collect2] ==> ignore
    arg [-plugin] ==> ignore
    arg [/usr/lib/gcc/x86_64-pc-linux-gnu/6.2.1/liblto_plugin.so] ==> ignore
    arg [-plugin-opt=/usr/lib/gcc/x86_64-pc-linux-gnu/6.2.1/lto-wrapper] ==> ignore
    arg [-plugin-opt=-fresolution=/tmp/cc4kYzFD.res] ==> ignore
    arg [-plugin-opt=-pass-through=-lgcc] ==> ignore
    arg [-plugin-opt=-pass-through=-lgcc_s] ==> ignore
    arg [-plugin-opt=-pass-through=-lc] ==> ignore
    arg [-plugin-opt=-pass-through=-lgcc] ==> ignore
    arg [-plugin-opt=-pass-through=-lgcc_s] ==> ignore
    arg [--build-id] ==> ignore
    arg [--eh-frame-hdr] ==> ignore
    arg [--hash-style=gnu] ==> ignore
    arg [-m] ==> ignore
    arg [elf_x86_64] ==> ignore
    arg [-export-dynamic] ==> ignore
    arg [-dynamic-linker] ==> ignore
    arg [/lib64/ld-linux-x86-64.so.2] ==> ignore
    arg [-o] ==> ignore
    arg [cmTC_efdbf] ==> ignore
    arg [/usr/lib/gcc/x86_64-pc-linux-gnu/6.2.1/../../../../lib/crt1.o] ==> ignore
    arg [/usr/lib/gcc/x86_64-pc-linux-gnu/6.2.1/../../../../lib/crti.o] ==> ignore
    arg [/usr/lib/gcc/x86_64-pc-linux-gnu/6.2.1/crtbegin.o] ==> ignore
    arg [-L/usr/lib/gcc/x86_64-pc-linux-gnu/6.2.1] ==> dir [/usr/lib/gcc/x86_64-pc-linux-gnu/6.2.1]
    arg [-L/usr/lib/gcc/x86_64-pc-linux-gnu/6.2.1/../../../../lib] ==> dir [/usr/lib/gcc/x86_64-pc-linux-gnu/6.2.1/../../../../lib]
    arg [-L/lib/../lib] ==> dir [/lib/../lib]
    arg [-L/usr/lib/../lib] ==> dir [/usr/lib/../lib]
    arg [-L/usr/lib/gcc/x86_64-pc-linux-gnu/6.2.1/../../..] ==> dir [/usr/lib/gcc/x86_64-pc-linux-gnu/6.2.1/../../..]
    arg [CMakeFiles/cmTC_efdbf.dir/CMakeCCompilerABI.c.o] ==> ignore
    arg [-lgcc] ==> lib [gcc]
    arg [--as-needed] ==> ignore
    arg [-lgcc_s] ==> lib [gcc_s]
    arg [--no-as-needed] ==> ignore
    arg [-lc] ==> lib [c]
    arg [-lgcc] ==> lib [gcc]
    arg [--as-needed] ==> ignore
    arg [-lgcc_s] ==> lib [gcc_s]
    arg [--no-as-needed] ==> ignore
    arg [/usr/lib/gcc/x86_64-pc-linux-gnu/6.2.1/crtend.o] ==> ignore
    arg [/usr/lib/gcc/x86_64-pc-linux-gnu/6.2.1/../../../../lib/crtn.o] ==> ignore
  remove lib [gcc]
  remove lib [gcc_s]
  remove lib [gcc]
  remove lib [gcc_s]
  collapse library dir [/usr/lib/gcc/x86_64-pc-linux-gnu/6.2.1] ==> [/usr/lib/gcc/x86_64-pc-linux-gnu/6.2.1]
  collapse library dir [/usr/lib/gcc/x86_64-pc-linux-gnu/6.2.1/../../../../lib] ==> [/usr/lib]
  collapse library dir [/lib/../lib] ==> [/lib]
  collapse library dir [/usr/lib/../lib] ==> [/usr/lib]
  collapse library dir [/usr/lib/gcc/x86_64-pc-linux-gnu/6.2.1/../../..] ==> [/usr/lib]
  implicit libs: [c]
  implicit dirs: [/usr/lib/gcc/x86_64-pc-linux-gnu/6.2.1;/usr/lib;/lib]
  implicit fwks: []




Detecting C [-std=c11] compiler features compiled with the following output:
Change Dir: /home/origamidance/.CLion2016.2/system/cmake/generated/cmake-e6d0a86b/e6d0a86b/__default__/CMakeFiles/CMakeTmp

Run Build Command:"/usr/bin/make" "cmTC_aaa57/fast"
/usr/bin/make -f CMakeFiles/cmTC_aaa57.dir/build.make CMakeFiles/cmTC_aaa57.dir/build
make[1]: Entering directory '/home/origamidance/.CLion2016.2/system/cmake/generated/cmake-e6d0a86b/e6d0a86b/__default__/CMakeFiles/CMakeTmp'
Building C object CMakeFiles/cmTC_aaa57.dir/feature_tests.c.o
/usr/bin/cc    -std=c11 -o CMakeFiles/cmTC_aaa57.dir/feature_tests.c.o   -c /home/origamidance/.CLion2016.2/system/cmake/generated/cmake-e6d0a86b/e6d0a86b/__default__/CMakeFiles/feature_tests.c
Linking C executable cmTC_aaa57
/usr/bin/cmake -E cmake_link_script CMakeFiles/cmTC_aaa57.dir/link.txt --verbose=1
/usr/bin/cc       CMakeFiles/cmTC_aaa57.dir/feature_tests.c.o  -o cmTC_aaa57 -rdynamic 
make[1]: Leaving directory '/home/origamidance/.CLion2016.2/system/cmake/generated/cmake-e6d0a86b/e6d0a86b/__default__/CMakeFiles/CMakeTmp'


    Feature record: C_FEATURE:1c_function_prototypes
    Feature record: C_FEATURE:1c_restrict
    Feature record: C_FEATURE:1c_static_assert
    Feature record: C_FEATURE:1c_variadic_macros


Detecting C [-std=c99] compiler features compiled with the following output:
Change Dir: /home/origamidance/.CLion2016.2/system/cmake/generated/cmake-e6d0a86b/e6d0a86b/__default__/CMakeFiles/CMakeTmp

Run Build Command:"/usr/bin/make" "cmTC_fdf89/fast"
/usr/bin/make -f CMakeFiles/cmTC_fdf89.dir/build.make CMakeFiles/cmTC_fdf89.dir/build
make[1]: Entering directory '/home/origamidance/.CLion2016.2/system/cmake/generated/cmake-e6d0a86b/e6d0a86b/__default__/CMakeFiles/CMakeTmp'
Building C object CMakeFiles/cmTC_fdf89.dir/feature_tests.c.o
/usr/bin/cc    -std=c99 -o CMakeFiles/cmTC_fdf89.dir/feature_tests.c.o   -c /home/origamidance/.CLion2016.2/system/cmake/generated/cmake-e6d0a86b/e6d0a86b/__default__/CMakeFiles/feature_tests.c
Linking C executable cmTC_fdf89
/usr/bin/cmake -E cmake_link_script CMakeFiles/cmTC_fdf89.dir/link.txt --verbose=1
/usr/bin/cc       CMakeFiles/cmTC_fdf89.dir/feature_tests.c.o  -o cmTC_fdf89 -rdynamic 
make[1]: Leaving directory '/home/origamidance/.CLion2016.2/system/cmake/generated/cmake-e6d0a86b/e6d0a86b/__default__/CMakeFiles/CMakeTmp'


    Feature record: C_FEATURE:1c_function_prototypes
    Feature record: C_FEATURE:1c_restrict
    Feature record: C_FEATURE:0c_static_assert
    Feature record: C_FEATURE:1c_variadic_macros


Detecting C [-std=c90] compiler features compiled with the following output:
Change Dir: /home/origamidance/.CLion2016.2/system/cmake/generated/cmake-e6d0a86b/e6d0a86b/__default__/CMakeFiles/CMakeTmp

Run Build Command:"/usr/bin/make" "cmTC_563ca/fast"
/usr/bin/make -f CMakeFiles/cmTC_563ca.dir/build.make CMakeFiles/cmTC_563ca.dir/build
make[1]: Entering directory '/home/origamidance/.CLion2016.2/system/cmake/generated/cmake-e6d0a86b/e6d0a86b/__default__/CMakeFiles/CMakeTmp'
Building C object CMakeFiles/cmTC_563ca.dir/feature_tests.c.o
/usr/bin/cc    -std=c90 -o CMakeFiles/cmTC_563ca.dir/feature_tests.c.o   -c /home/origamidance/.CLion2016.2/system/cmake/generated/cmake-e6d0a86b/e6d0a86b/__default__/CMakeFiles/feature_tests.c
Linking C executable cmTC_563ca
/usr/bin/cmake -E cmake_link_script CMakeFiles/cmTC_563ca.dir/link.txt --verbose=1
/usr/bin/cc       CMakeFiles/cmTC_563ca.dir/feature_tests.c.o  -o cmTC_563ca -rdynamic 
make[1]: Leaving directory '/home/origamidance/.CLion2016.2/system/cmake/generated/cmake-e6d0a86b/e6d0a86b/__default__/CMakeFiles/CMakeTmp'


    Feature record: C_FEATURE:1c_function_prototypes
    Feature record: C_FEATURE:0c_restrict
    Feature record: C_FEATURE:0c_static_assert
    Feature record: C_FEATURE:0c_variadic_macros
Determining if the CXX compiler works passed with the following output:
Change Dir: /home/origamidance/.CLion2016.2/system/cmake/generated/cmake-e6d0a86b/e6d0a86b/__default__/CMakeFiles/CMakeTmp

Run Build Command:"/usr/bin/make" "cmTC_63644/fast"
/usr/bin/make -f CMakeFiles/cmTC_63644.dir/build.make CMakeFiles/cmTC_63644.dir/build
make[1]: Entering directory '/home/origamidance/.CLion2016.2/system/cmake/generated/cmake-e6d0a86b/e6d0a86b/__default__/CMakeFiles/CMakeTmp'
Building CXX object CMakeFiles/cmTC_63644.dir/testCXXCompiler.cxx.o
/usr/bin/c++      -o CMakeFiles/cmTC_63644.dir/testCXXCompiler.cxx.o -c /home/origamidance/.CLion2016.2/system/cmake/generated/cmake-e6d0a86b/e6d0a86b/__default__/CMakeFiles/CMakeTmp/testCXXCompiler.cxx
Linking CXX executable cmTC_63644
/usr/bin/cmake -E cmake_link_script CMakeFiles/cmTC_63644.dir/link.txt --verbose=1
/usr/bin/c++        CMakeFiles/cmTC_63644.dir/testCXXCompiler.cxx.o  -o cmTC_63644 -rdynamic 
make[1]: Leaving directory '/home/origamidance/.CLion2016.2/system/cmake/generated/cmake-e6d0a86b/e6d0a86b/__default__/CMakeFiles/CMakeTmp'


Detecting CXX compiler ABI info compiled with the following output:
Change Dir: /home/origamidance/.CLion2016.2/system/cmake/generated/cmake-e6d0a86b/e6d0a86b/__default__/CMakeFiles/CMakeTmp

Run Build Command:"/usr/bin/make" "cmTC_caab9/fast"
/usr/bin/make -f CMakeFiles/cmTC_caab9.dir/build.make CMakeFiles/cmTC_caab9.dir/build
make[1]: Entering directory '/home/origamidance/.CLion2016.2/system/cmake/generated/cmake-e6d0a86b/e6d0a86b/__default__/CMakeFiles/CMakeTmp'
Building CXX object CMakeFiles/cmTC_caab9.dir/CMakeCXXCompilerABI.cpp.o
/usr/bin/c++      -o CMakeFiles/cmTC_caab9.dir/CMakeCXXCompilerABI.cpp.o -c /usr/share/cmake-3.6/Modules/CMakeCXXCompilerABI.cpp
Linking CXX executable cmTC_caab9
/usr/bin/cmake -E cmake_link_script CMakeFiles/cmTC_caab9.dir/link.txt --verbose=1
/usr/bin/c++       -v CMakeFiles/cmTC_caab9.dir/CMakeCXXCompilerABI.cpp.o  -o cmTC_caab9 -rdynamic  
Using built-in specs.
COLLECT_GCC=/usr/bin/c++
COLLECT_LTO_WRAPPER=/usr/lib/gcc/x86_64-pc-linux-gnu/6.2.1/lto-wrapper
Target: x86_64-pc-linux-gnu
Configured with: /build/gcc/src/gcc/configure --prefix=/usr --libdir=/usr/lib --libexecdir=/usr/lib --mandir=/usr/share/man --infodir=/usr/share/info --with-bugurl=https://bugs.archlinux.org/ --enable-languages=c,c++,ada,fortran,go,lto,objc,obj-c++ --enable-shared --enable-threads=posix --enable-libmpx --with-system-zlib --with-isl --enable-__cxa_atexit --disable-libunwind-exceptions --enable-clocale=gnu --disable-libstdcxx-pch --disable-libssp --enable-gnu-unique-object --enable-linker-build-id --enable-lto --enable-plugin --enable-install-libiberty --with-linker-hash-style=gnu --enable-gnu-indirect-function --disable-multilib --disable-werror --enable-checking=release
Thread model: posix
gcc version 6.2.1 20160830 (GCC) 
COMPILER_PATH=/usr/lib/gcc/x86_64-pc-linux-gnu/6.2.1/:/usr/lib/gcc/x86_64-pc-linux-gnu/6.2.1/:/usr/lib/gcc/x86_64-pc-linux-gnu/:/usr/lib/gcc/x86_64-pc-linux-gnu/6.2.1/:/usr/lib/gcc/x86_64-pc-linux-gnu/
LIBRARY_PATH=/usr/lib/gcc/x86_64-pc-linux-gnu/6.2.1/:/usr/lib/gcc/x86_64-pc-linux-gnu/6.2.1/../../../../lib/:/lib/../lib/:/usr/lib/../lib/:/usr/lib/gcc/x86_64-pc-linux-gnu/6.2.1/../../../:/lib/:/usr/lib/
COLLECT_GCC_OPTIONS='-v' '-o' 'cmTC_caab9' '-rdynamic' '-shared-libgcc' '-mtune=generic' '-march=x86-64'
 /usr/lib/gcc/x86_64-pc-linux-gnu/6.2.1/collect2 -plugin /usr/lib/gcc/x86_64-pc-linux-gnu/6.2.1/liblto_plugin.so -plugin-opt=/usr/lib/gcc/x86_64-pc-linux-gnu/6.2.1/lto-wrapper -plugin-opt=-fresolution=/tmp/cc1fw6O4.res -plugin-opt=-pass-through=-lgcc_s -plugin-opt=-pass-through=-lgcc -plugin-opt=-pass-through=-lc -plugin-opt=-pass-through=-lgcc_s -plugin-opt=-pass-through=-lgcc --build-id --eh-frame-hdr --hash-style=gnu -m elf_x86_64 -export-dynamic -dynamic-linker /lib64/ld-linux-x86-64.so.2 -o cmTC_caab9 /usr/lib/gcc/x86_64-pc-linux-gnu/6.2.1/../../../../lib/crt1.o /usr/lib/gcc/x86_64-pc-linux-gnu/6.2.1/../../../../lib/crti.o /usr/lib/gcc/x86_64-pc-linux-gnu/6.2.1/crtbegin.o -L/usr/lib/gcc/x86_64-pc-linux-gnu/6.2.1 -L/usr/lib/gcc/x86_64-pc-linux-gnu/6.2.1/../../../../lib -L/lib/../lib -L/usr/lib/../lib -L/usr/lib/gcc/x86_64-pc-linux-gnu/6.2.1/../../.. CMakeFiles/cmTC_caab9.dir/CMakeCXXCompilerABI.cpp.o -lstdc++ -lm -lgcc_s -lgcc -lc -lgcc_s -lgcc /usr/lib/gcc/x86_64-pc-linux-gnu/6.2.1/crtend.o /usr/lib/gcc/x86_64-pc-linux-gnu/6.2.1/../../../../lib/crtn.o
COLLECT_GCC_OPTIONS='-v' '-o' 'cmTC_caab9' '-rdynamic' '-shared-libgcc' '-mtune=generic' '-march=x86-64'
make[1]: Leaving directory '/home/origamidance/.CLion2016.2/system/cmake/generated/cmake-e6d0a86b/e6d0a86b/__default__/CMakeFiles/CMakeTmp'


Parsed CXX implicit link information from above output:
  link line regex: [^( *|.*[/\])(ld|([^/\]+-)?ld|collect2)[^/\]*( |$)]
  ignore line: [Change Dir: /home/origamidance/.CLion2016.2/system/cmake/generated/cmake-e6d0a86b/e6d0a86b/__default__/CMakeFiles/CMakeTmp]
  ignore line: []
  ignore line: [Run Build Command:"/usr/bin/make" "cmTC_caab9/fast"]
  ignore line: [/usr/bin/make -f CMakeFiles/cmTC_caab9.dir/build.make CMakeFiles/cmTC_caab9.dir/build]
  ignore line: [make[1]: Entering directory '/home/origamidance/.CLion2016.2/system/cmake/generated/cmake-e6d0a86b/e6d0a86b/__default__/CMakeFiles/CMakeTmp']
  ignore line: [Building CXX object CMakeFiles/cmTC_caab9.dir/CMakeCXXCompilerABI.cpp.o]
  ignore line: [/usr/bin/c++      -o CMakeFiles/cmTC_caab9.dir/CMakeCXXCompilerABI.cpp.o -c /usr/share/cmake-3.6/Modules/CMakeCXXCompilerABI.cpp]
  ignore line: [Linking CXX executable cmTC_caab9]
  ignore line: [/usr/bin/cmake -E cmake_link_script CMakeFiles/cmTC_caab9.dir/link.txt --verbose=1]
  ignore line: [/usr/bin/c++       -v CMakeFiles/cmTC_caab9.dir/CMakeCXXCompilerABI.cpp.o  -o cmTC_caab9 -rdynamic  ]
  ignore line: [Using built-in specs.]
  ignore line: [COLLECT_GCC=/usr/bin/c++]
  ignore line: [COLLECT_LTO_WRAPPER=/usr/lib/gcc/x86_64-pc-linux-gnu/6.2.1/lto-wrapper]
  ignore line: [Target: x86_64-pc-linux-gnu]
  ignore line: [Configured with: /build/gcc/src/gcc/configure --prefix=/usr --libdir=/usr/lib --libexecdir=/usr/lib --mandir=/usr/share/man --infodir=/usr/share/info --with-bugurl=https://bugs.archlinux.org/ --enable-languages=c,c++,ada,fortran,go,lto,objc,obj-c++ --enable-shared --enable-threads=posix --enable-libmpx --with-system-zlib --with-isl --enable-__cxa_atexit --disable-libunwind-exceptions --enable-clocale=gnu --disable-libstdcxx-pch --disable-libssp --enable-gnu-unique-object --enable-linker-build-id --enable-lto --enable-plugin --enable-install-libiberty --with-linker-hash-style=gnu --enable-gnu-indirect-function --disable-multilib --disable-werror --enable-checking=release]
  ignore line: [Thread model: posix]
  ignore line: [gcc version 6.2.1 20160830 (GCC) ]
  ignore line: [COMPILER_PATH=/usr/lib/gcc/x86_64-pc-linux-gnu/6.2.1/:/usr/lib/gcc/x86_64-pc-linux-gnu/6.2.1/:/usr/lib/gcc/x86_64-pc-linux-gnu/:/usr/lib/gcc/x86_64-pc-linux-gnu/6.2.1/:/usr/lib/gcc/x86_64-pc-linux-gnu/]
  ignore line: [LIBRARY_PATH=/usr/lib/gcc/x86_64-pc-linux-gnu/6.2.1/:/usr/lib/gcc/x86_64-pc-linux-gnu/6.2.1/../../../../lib/:/lib/../lib/:/usr/lib/../lib/:/usr/lib/gcc/x86_64-pc-linux-gnu/6.2.1/../../../:/lib/:/usr/lib/]
  ignore line: [COLLECT_GCC_OPTIONS='-v' '-o' 'cmTC_caab9' '-rdynamic' '-shared-libgcc' '-mtune=generic' '-march=x86-64']
  link line: [ /usr/lib/gcc/x86_64-pc-linux-gnu/6.2.1/collect2 -plugin /usr/lib/gcc/x86_64-pc-linux-gnu/6.2.1/liblto_plugin.so -plugin-opt=/usr/lib/gcc/x86_64-pc-linux-gnu/6.2.1/lto-wrapper -plugin-opt=-fresolution=/tmp/cc1fw6O4.res -plugin-opt=-pass-through=-lgcc_s -plugin-opt=-pass-through=-lgcc -plugin-opt=-pass-through=-lc -plugin-opt=-pass-through=-lgcc_s -plugin-opt=-pass-through=-lgcc --build-id --eh-frame-hdr --hash-style=gnu -m elf_x86_64 -export-dynamic -dynamic-linker /lib64/ld-linux-x86-64.so.2 -o cmTC_caab9 /usr/lib/gcc/x86_64-pc-linux-gnu/6.2.1/../../../../lib/crt1.o /usr/lib/gcc/x86_64-pc-linux-gnu/6.2.1/../../../../lib/crti.o /usr/lib/gcc/x86_64-pc-linux-gnu/6.2.1/crtbegin.o -L/usr/lib/gcc/x86_64-pc-linux-gnu/6.2.1 -L/usr/lib/gcc/x86_64-pc-linux-gnu/6.2.1/../../../../lib -L/lib/../lib -L/usr/lib/../lib -L/usr/lib/gcc/x86_64-pc-linux-gnu/6.2.1/../../.. CMakeFiles/cmTC_caab9.dir/CMakeCXXCompilerABI.cpp.o -lstdc++ -lm -lgcc_s -lgcc -lc -lgcc_s -lgcc /usr/lib/gcc/x86_64-pc-linux-gnu/6.2.1/crtend.o /usr/lib/gcc/x86_64-pc-linux-gnu/6.2.1/../../../../lib/crtn.o]
    arg [/usr/lib/gcc/x86_64-pc-linux-gnu/6.2.1/collect2] ==> ignore
    arg [-plugin] ==> ignore
    arg [/usr/lib/gcc/x86_64-pc-linux-gnu/6.2.1/liblto_plugin.so] ==> ignore
    arg [-plugin-opt=/usr/lib/gcc/x86_64-pc-linux-gnu/6.2.1/lto-wrapper] ==> ignore
    arg [-plugin-opt=-fresolution=/tmp/cc1fw6O4.res] ==> ignore
    arg [-plugin-opt=-pass-through=-lgcc_s] ==> ignore
    arg [-plugin-opt=-pass-through=-lgcc] ==> ignore
    arg [-plugin-opt=-pass-through=-lc] ==> ignore
    arg [-plugin-opt=-pass-through=-lgcc_s] ==> ignore
    arg [-plugin-opt=-pass-through=-lgcc] ==> ignore
    arg [--build-id] ==> ignore
    arg [--eh-frame-hdr] ==> ignore
    arg [--hash-style=gnu] ==> ignore
    arg [-m] ==> ignore
    arg [elf_x86_64] ==> ignore
    arg [-export-dynamic] ==> ignore
    arg [-dynamic-linker] ==> ignore
    arg [/lib64/ld-linux-x86-64.so.2] ==> ignore
    arg [-o] ==> ignore
    arg [cmTC_caab9] ==> ignore
    arg [/usr/lib/gcc/x86_64-pc-linux-gnu/6.2.1/../../../../lib/crt1.o] ==> ignore
    arg [/usr/lib/gcc/x86_64-pc-linux-gnu/6.2.1/../../../../lib/crti.o] ==> ignore
    arg [/usr/lib/gcc/x86_64-pc-linux-gnu/6.2.1/crtbegin.o] ==> ignore
    arg [-L/usr/lib/gcc/x86_64-pc-linux-gnu/6.2.1] ==> dir [/usr/lib/gcc/x86_64-pc-linux-gnu/6.2.1]
    arg [-L/usr/lib/gcc/x86_64-pc-linux-gnu/6.2.1/../../../../lib] ==> dir [/usr/lib/gcc/x86_64-pc-linux-gnu/6.2.1/../../../../lib]
    arg [-L/lib/../lib] ==> dir [/lib/../lib]
    arg [-L/usr/lib/../lib] ==> dir [/usr/lib/../lib]
    arg [-L/usr/lib/gcc/x86_64-pc-linux-gnu/6.2.1/../../..] ==> dir [/usr/lib/gcc/x86_64-pc-linux-gnu/6.2.1/../../..]
    arg [CMakeFiles/cmTC_caab9.dir/CMakeCXXCompilerABI.cpp.o] ==> ignore
    arg [-lstdc++] ==> lib [stdc++]
    arg [-lm] ==> lib [m]
    arg [-lgcc_s] ==> lib [gcc_s]
    arg [-lgcc] ==> lib [gcc]
    arg [-lc] ==> lib [c]
    arg [-lgcc_s] ==> lib [gcc_s]
    arg [-lgcc] ==> lib [gcc]
    arg [/usr/lib/gcc/x86_64-pc-linux-gnu/6.2.1/crtend.o] ==> ignore
    arg [/usr/lib/gcc/x86_64-pc-linux-gnu/6.2.1/../../../../lib/crtn.o] ==> ignore
  remove lib [gcc_s]
  remove lib [gcc]
  remove lib [gcc_s]
  remove lib [gcc]
  collapse library dir [/usr/lib/gcc/x86_64-pc-linux-gnu/6.2.1] ==> [/usr/lib/gcc/x86_64-pc-linux-gnu/6.2.1]
  collapse library dir [/usr/lib/gcc/x86_64-pc-linux-gnu/6.2.1/../../../../lib] ==> [/usr/lib]
  collapse library dir [/lib/../lib] ==> [/lib]
  collapse library dir [/usr/lib/../lib] ==> [/usr/lib]
  collapse library dir [/usr/lib/gcc/x86_64-pc-linux-gnu/6.2.1/../../..] ==> [/usr/lib]
  implicit libs: [stdc++;m;c]
  implicit dirs: [/usr/lib/gcc/x86_64-pc-linux-gnu/6.2.1;/usr/lib;/lib]
  implicit fwks: []




Detecting CXX [-std=c++14] compiler features compiled with the following output:
Change Dir: /home/origamidance/.CLion2016.2/system/cmake/generated/cmake-e6d0a86b/e6d0a86b/__default__/CMakeFiles/CMakeTmp

Run Build Command:"/usr/bin/make" "cmTC_df3be/fast"
/usr/bin/make -f CMakeFiles/cmTC_df3be.dir/build.make CMakeFiles/cmTC_df3be.dir/build
make[1]: Entering directory '/home/origamidance/.CLion2016.2/system/cmake/generated/cmake-e6d0a86b/e6d0a86b/__default__/CMakeFiles/CMakeTmp'
Building CXX object CMakeFiles/cmTC_df3be.dir/feature_tests.cxx.o
/usr/bin/c++     -std=c++14 -o CMakeFiles/cmTC_df3be.dir/feature_tests.cxx.o -c /home/origamidance/.CLion2016.2/system/cmake/generated/cmake-e6d0a86b/e6d0a86b/__default__/CMakeFiles/feature_tests.cxx
Linking CXX executable cmTC_df3be
/usr/bin/cmake -E cmake_link_script CMakeFiles/cmTC_df3be.dir/link.txt --verbose=1
/usr/bin/c++        CMakeFiles/cmTC_df3be.dir/feature_tests.cxx.o  -o cmTC_df3be -rdynamic 
make[1]: Leaving directory '/home/origamidance/.CLion2016.2/system/cmake/generated/cmake-e6d0a86b/e6d0a86b/__default__/CMakeFiles/CMakeTmp'


    Feature record: CXX_FEATURE:1cxx_aggregate_default_initializers
    Feature record: CXX_FEATURE:1cxx_alias_templates
    Feature record: CXX_FEATURE:1cxx_alignas
    Feature record: CXX_FEATURE:1cxx_alignof
    Feature record: CXX_FEATURE:1cxx_attributes
    Feature record: CXX_FEATURE:1cxx_attribute_deprecated
    Feature record: CXX_FEATURE:1cxx_auto_type
    Feature record: CXX_FEATURE:1cxx_binary_literals
    Feature record: CXX_FEATURE:1cxx_constexpr
    Feature record: CXX_FEATURE:1cxx_contextual_conversions
    Feature record: CXX_FEATURE:1cxx_decltype
    Feature record: CXX_FEATURE:1cxx_decltype_auto
    Feature record: CXX_FEATURE:1cxx_decltype_incomplete_return_types
    Feature record: CXX_FEATURE:1cxx_default_function_template_args
    Feature record: CXX_FEATURE:1cxx_defaulted_functions
    Feature record: CXX_FEATURE:1cxx_defaulted_move_initializers
    Feature record: CXX_FEATURE:1cxx_delegating_constructors
    Feature record: CXX_FEATURE:1cxx_deleted_functions
    Feature record: CXX_FEATURE:1cxx_digit_separators
    Feature record: CXX_FEATURE:1cxx_enum_forward_declarations
    Feature record: CXX_FEATURE:1cxx_explicit_conversions
    Feature record: CXX_FEATURE:1cxx_extended_friend_declarations
    Feature record: CXX_FEATURE:1cxx_extern_templates
    Feature record: CXX_FEATURE:1cxx_final
    Feature record: CXX_FEATURE:1cxx_func_identifier
    Feature record: CXX_FEATURE:1cxx_generalized_initializers
    Feature record: CXX_FEATURE:1cxx_generic_lambdas
    Feature record: CXX_FEATURE:1cxx_inheriting_constructors
    Feature record: CXX_FEATURE:1cxx_inline_namespaces
    Feature record: CXX_FEATURE:1cxx_lambdas
    Feature record: CXX_FEATURE:1cxx_lambda_init_captures
    Feature record: CXX_FEATURE:1cxx_local_type_template_args
    Feature record: CXX_FEATURE:1cxx_long_long_type
    Feature record: CXX_FEATURE:1cxx_noexcept
    Feature record: CXX_FEATURE:1cxx_nonstatic_member_init
    Feature record: CXX_FEATURE:1cxx_nullptr
    Feature record: CXX_FEATURE:1cxx_override
    Feature record: CXX_FEATURE:1cxx_range_for
    Feature record: CXX_FEATURE:1cxx_raw_string_literals
    Feature record: CXX_FEATURE:1cxx_reference_qualified_functions
    Feature record: CXX_FEATURE:1cxx_relaxed_constexpr
    Feature record: CXX_FEATURE:1cxx_return_type_deduction
    Feature record: CXX_FEATURE:1cxx_right_angle_brackets
    Feature record: CXX_FEATURE:1cxx_rvalue_references
    Feature record: CXX_FEATURE:1cxx_sizeof_member
    Feature record: CXX_FEATURE:1cxx_static_assert
    Feature record: CXX_FEATURE:1cxx_strong_enums
    Feature record: CXX_FEATURE:1cxx_template_template_parameters
    Feature record: CXX_FEATURE:1cxx_thread_local
    Feature record: CXX_FEATURE:1cxx_trailing_return_types
    Feature record: CXX_FEATURE:1cxx_unicode_literals
    Feature record: CXX_FEATURE:1cxx_uniform_initialization
    Feature record: CXX_FEATURE:1cxx_unrestricted_unions
    Feature record: CXX_FEATURE:1cxx_user_literals
    Feature record: CXX_FEATURE:1cxx_variable_templates
    Feature record: CXX_FEATURE:1cxx_variadic_macros
    Feature record: CXX_FEATURE:1cxx_variadic_templates


Detecting CXX [-std=c++11] compiler features compiled with the following output:
Change Dir: /home/origamidance/.CLion2016.2/system/cmake/generated/cmake-e6d0a86b/e6d0a86b/__default__/CMakeFiles/CMakeTmp

Run Build Command:"/usr/bin/make" "cmTC_246f9/fast"
/usr/bin/make -f CMakeFiles/cmTC_246f9.dir/build.make CMakeFiles/cmTC_246f9.dir/build
make[1]: Entering directory '/home/origamidance/.CLion2016.2/system/cmake/generated/cmake-e6d0a86b/e6d0a86b/__default__/CMakeFiles/CMakeTmp'
Building CXX object CMakeFiles/cmTC_246f9.dir/feature_tests.cxx.o
/usr/bin/c++     -std=c++11 -o CMakeFiles/cmTC_246f9.dir/feature_tests.cxx.o -c /home/origamidance/.CLion2016.2/system/cmake/generated/cmake-e6d0a86b/e6d0a86b/__default__/CMakeFiles/feature_tests.cxx
Linking CXX executable cmTC_246f9
/usr/bin/cmake -E cmake_link_script CMakeFiles/cmTC_246f9.dir/link.txt --verbose=1
/usr/bin/c++        CMakeFiles/cmTC_246f9.dir/feature_tests.cxx.o  -o cmTC_246f9 -rdynamic 
make[1]: Leaving directory '/home/origamidance/.CLion2016.2/system/cmake/generated/cmake-e6d0a86b/e6d0a86b/__default__/CMakeFiles/CMakeTmp'


    Feature record: CXX_FEATURE:0cxx_aggregate_default_initializers
    Feature record: CXX_FEATURE:1cxx_alias_templates
    Feature record: CXX_FEATURE:1cxx_alignas
    Feature record: CXX_FEATURE:1cxx_alignof
    Feature record: CXX_FEATURE:1cxx_attributes
    Feature record: CXX_FEATURE:0cxx_attribute_deprecated
    Feature record: CXX_FEATURE:1cxx_auto_type
    Feature record: CXX_FEATURE:0cxx_binary_literals
    Feature record: CXX_FEATURE:1cxx_constexpr
    Feature record: CXX_FEATURE:0cxx_contextual_conversions
    Feature record: CXX_FEATURE:1cxx_decltype
    Feature record: CXX_FEATURE:0cxx_decltype_auto
    Feature record: CXX_FEATURE:1cxx_decltype_incomplete_return_types
    Feature record: CXX_FEATURE:1cxx_default_function_template_args
    Feature record: CXX_FEATURE:1cxx_defaulted_functions
    Feature record: CXX_FEATURE:1cxx_defaulted_move_initializers
    Feature record: CXX_FEATURE:1cxx_delegating_constructors
    Feature record: CXX_FEATURE:1cxx_deleted_functions
    Feature record: CXX_FEATURE:0cxx_digit_separators
    Feature record: CXX_FEATURE:1cxx_enum_forward_declarations
    Feature record: CXX_FEATURE:1cxx_explicit_conversions
    Feature record: CXX_FEATURE:1cxx_extended_friend_declarations
    Feature record: CXX_FEATURE:1cxx_extern_templates
    Feature record: CXX_FEATURE:1cxx_final
    Feature record: CXX_FEATURE:1cxx_func_identifier
    Feature record: CXX_FEATURE:1cxx_generalized_initializers
    Feature record: CXX_FEATURE:0cxx_generic_lambdas
    Feature record: CXX_FEATURE:1cxx_inheriting_constructors
    Feature record: CXX_FEATURE:1cxx_inline_namespaces
    Feature record: CXX_FEATURE:1cxx_lambdas
    Feature record: CXX_FEATURE:0cxx_lambda_init_captures
    Feature record: CXX_FEATURE:1cxx_local_type_template_args
    Feature record: CXX_FEATURE:1cxx_long_long_type
    Feature record: CXX_FEATURE:1cxx_noexcept
    Feature record: CXX_FEATURE:1cxx_nonstatic_member_init
    Feature record: CXX_FEATURE:1cxx_nullptr
    Feature record: CXX_FEATURE:1cxx_override
    Feature record: CXX_FEATURE:1cxx_range_for
    Feature record: CXX_FEATURE:1cxx_raw_string_literals
    Feature record: CXX_FEATURE:1cxx_reference_qualified_functions
    Feature record: CXX_FEATURE:0cxx_relaxed_constexpr
    Feature record: CXX_FEATURE:0cxx_return_type_deduction
    Feature record: CXX_FEATURE:1cxx_right_angle_brackets
    Feature record: CXX_FEATURE:1cxx_rvalue_references
    Feature record: CXX_FEATURE:1cxx_sizeof_member
    Feature record: CXX_FEATURE:1cxx_static_assert
    Feature record: CXX_FEATURE:1cxx_strong_enums
    Feature record: CXX_FEATURE:1cxx_template_template_parameters
    Feature record: CXX_FEATURE:1cxx_thread_local
    Feature record: CXX_FEATURE:1cxx_trailing_return_types
    Feature record: CXX_FEATURE:1cxx_unicode_literals
    Feature record: CXX_FEATURE:1cxx_uniform_initialization
    Feature record: CXX_FEATURE:1cxx_unrestricted_unions
    Feature record: CXX_FEATURE:1cxx_user_literals
    Feature record: CXX_FEATURE:0cxx_variable_templates
    Feature record: CXX_FEATURE:1cxx_variadic_macros
    Feature record: CXX_FEATURE:1cxx_variadic_templates


Detecting CXX [-std=c++98] compiler features compiled with the following output:
Change Dir: /home/origamidance/.CLion2016.2/system/cmake/generated/cmake-e6d0a86b/e6d0a86b/__default__/CMakeFiles/CMakeTmp

Run Build Command:"/usr/bin/make" "cmTC_9ba78/fast"
/usr/bin/make -f CMakeFiles/cmTC_9ba78.dir/build.make CMakeFiles/cmTC_9ba78.dir/build
make[1]: Entering directory '/home/origamidance/.CLion2016.2/system/cmake/generated/cmake-e6d0a86b/e6d0a86b/__default__/CMakeFiles/CMakeTmp'
Building CXX object CMakeFiles/cmTC_9ba78.dir/feature_tests.cxx.o
/usr/bin/c++     -std=c++98 -o CMakeFiles/cmTC_9ba78.dir/feature_tests.cxx.o -c /home/origamidance/.CLion2016.2/system/cmake/generated/cmake-e6d0a86b/e6d0a86b/__default__/CMakeFiles/feature_tests.cxx
Linking CXX executable cmTC_9ba78
/usr/bin/cmake -E cmake_link_script CMakeFiles/cmTC_9ba78.dir/link.txt --verbose=1
/usr/bin/c++        CMakeFiles/cmTC_9ba78.dir/feature_tests.cxx.o  -o cmTC_9ba78 -rdynamic 
make[1]: Leaving directory '/home/origamidance/.CLion2016.2/system/cmake/generated/cmake-e6d0a86b/e6d0a86b/__default__/CMakeFiles/CMakeTmp'


    Feature record: CXX_FEATURE:0cxx_aggregate_default_initializers
    Feature record: CXX_FEATURE:0cxx_alias_templates
    Feature record: CXX_FEATURE:0cxx_alignas
    Feature record: CXX_FEATURE:0cxx_alignof
    Feature record: CXX_FEATURE:0cxx_attributes
    Feature record: CXX_FEATURE:0cxx_attribute_deprecated
    Feature record: CXX_FEATURE:0cxx_auto_type
    Feature record: CXX_FEATURE:0cxx_binary_literals
    Feature record: CXX_FEATURE:0cxx_constexpr
    Feature record: CXX_FEATURE:0cxx_contextual_conversions
    Feature record: CXX_FEATURE:0cxx_decltype
    Feature record: CXX_FEATURE:0cxx_decltype_auto
    Feature record: CXX_FEATURE:0cxx_decltype_incomplete_return_types
    Feature record: CXX_FEATURE:0cxx_default_function_template_args
    Feature record: CXX_FEATURE:0cxx_defaulted_functions
    Feature record: CXX_FEATURE:0cxx_defaulted_move_initializers
    Feature record: CXX_FEATURE:0cxx_delegating_constructors
    Feature record: CXX_FEATURE:0cxx_deleted_functions
    Feature record: CXX_FEATURE:0cxx_digit_separators
    Feature record: CXX_FEATURE:0cxx_enum_forward_declarations
    Feature record: CXX_FEATURE:0cxx_explicit_conversions
    Feature record: CXX_FEATURE:0cxx_extended_friend_declarations
    Feature record: CXX_FEATURE:0cxx_extern_templates
    Feature record: CXX_FEATURE:0cxx_final
    Feature record: CXX_FEATURE:0cxx_func_identifier
    Feature record: CXX_FEATURE:0cxx_generalized_initializers
    Feature record: CXX_FEATURE:0cxx_generic_lambdas
    Feature record: CXX_FEATURE:0cxx_inheriting_constructors
    Feature record: CXX_FEATURE:0cxx_inline_namespaces
    Feature record: CXX_FEATURE:0cxx_lambdas
    Feature record: CXX_FEATURE:0cxx_lambda_init_captures
    Feature record: CXX_FEATURE:0cxx_local_type_template_args
    Feature record: CXX_FEATURE:0cxx_long_long_type
    Feature record: CXX_FEATURE:0cxx_noexcept
    Feature record: CXX_FEATURE:0cxx_nonstatic_member_init
    Feature record: CXX_FEATURE:0cxx_nullptr
    Feature record: CXX_FEATURE:0cxx_override
    Feature record: CXX_FEATURE:0cxx_range_for
    Feature record: CXX_FEATURE:0cxx_raw_string_literals
    Feature record: CXX_FEATURE:0cxx_reference_qualified_functions
    Feature record: CXX_FEATURE:0cxx_relaxed_constexpr
    Feature record: CXX_FEATURE:0cxx_return_type_deduction
    Feature record: CXX_FEATURE:0cxx_right_angle_brackets
    Feature record: CXX_FEATURE:0cxx_rvalue_references
    Feature record: CXX_FEATURE:0cxx_sizeof_member
    Feature record: CXX_FEATURE:0cxx_static_assert
    Feature record: CXX_FEATURE:0cxx_strong_enums
    Feature record: CXX_FEATURE:1cxx_template_template_parameters
    Feature record: CXX_FEATURE:0cxx_thread_local
    Feature record: CXX_FEATURE:0cxx_trailing_return_types
    Feature record: CXX_FEATURE:0cxx_unicode_literals
    Feature record: CXX_FEATURE:0cxx_uniform_initialization
    Feature record: CXX_FEATURE:0cxx_unrestricted_unions
    Feature record: CXX_FEATURE:0cxx_user_literals
    Feature record: CXX_FEATURE:0cxx_variable_templates
    Feature record: CXX_FEATURE:0cxx_variadic_macros
    Feature record: CXX_FEATURE:0cxx_variadic_templates
