The system is: Linux - 4.6.4-1-ARCH - x86_64
Compiling the C compiler identification source file "CMakeCCompilerId.c" succeeded.
Compiler: /usr/bin/clang 
Build flags: 
Id flags: 

The output was:
0


Compilation of the C compiler identification source "CMakeCCompilerId.c" produced "a.out"

The C compiler identification is Clang, found in "/home/origamidance/.CLion2016.2/system/cmake/generated/ofxGeoFramework-4ae38f71/4ae38f71/MinSizeRel/CMakeFiles/3.5.2/CompilerIdC/a.out"

Compiling the CXX compiler identification source file "CMakeCXXCompilerId.cpp" succeeded.
Compiler: /usr/bin/clang++ 
Build flags: 
Id flags: 

The output was:
0


Compilation of the CXX compiler identification source "CMakeCXXCompilerId.cpp" produced "a.out"

The CXX compiler identification is Clang, found in "/home/origamidance/.CLion2016.2/system/cmake/generated/ofxGeoFramework-4ae38f71/4ae38f71/MinSizeRel/CMakeFiles/3.5.2/CompilerIdCXX/a.out"

Determining if the C compiler works passed with the following output:
Change Dir: /home/origamidance/.CLion2016.2/system/cmake/generated/ofxGeoFramework-4ae38f71/4ae38f71/MinSizeRel/CMakeFiles/CMakeTmp

Run Build Command:"/usr/bin/make" "cmTC_cd8f9/fast"
/usr/bin/make -f CMakeFiles/cmTC_cd8f9.dir/build.make CMakeFiles/cmTC_cd8f9.dir/build
make[1]: Entering directory '/home/origamidance/.CLion2016.2/system/cmake/generated/ofxGeoFramework-4ae38f71/4ae38f71/MinSizeRel/CMakeFiles/CMakeTmp'
Building C object CMakeFiles/cmTC_cd8f9.dir/testCCompiler.c.o
/usr/bin/clang     -o CMakeFiles/cmTC_cd8f9.dir/testCCompiler.c.o   -c /home/origamidance/.CLion2016.2/system/cmake/generated/ofxGeoFramework-4ae38f71/4ae38f71/MinSizeRel/CMakeFiles/CMakeTmp/testCCompiler.c
Linking C executable cmTC_cd8f9
/opt/clion/bin/cmake/bin/cmake -E cmake_link_script CMakeFiles/cmTC_cd8f9.dir/link.txt --verbose=1
/usr/bin/clang       CMakeFiles/cmTC_cd8f9.dir/testCCompiler.c.o  -o cmTC_cd8f9 -rdynamic 
make[1]: Leaving directory '/home/origamidance/.CLion2016.2/system/cmake/generated/ofxGeoFramework-4ae38f71/4ae38f71/MinSizeRel/CMakeFiles/CMakeTmp'


Detecting C compiler ABI info compiled with the following output:
Change Dir: /home/origamidance/.CLion2016.2/system/cmake/generated/ofxGeoFramework-4ae38f71/4ae38f71/MinSizeRel/CMakeFiles/CMakeTmp

Run Build Command:"/usr/bin/make" "cmTC_d3da4/fast"
/usr/bin/make -f CMakeFiles/cmTC_d3da4.dir/build.make CMakeFiles/cmTC_d3da4.dir/build
make[1]: Entering directory '/home/origamidance/.CLion2016.2/system/cmake/generated/ofxGeoFramework-4ae38f71/4ae38f71/MinSizeRel/CMakeFiles/CMakeTmp'
Building C object CMakeFiles/cmTC_d3da4.dir/CMakeCCompilerABI.c.o
/usr/bin/clang     -o CMakeFiles/cmTC_d3da4.dir/CMakeCCompilerABI.c.o   -c /opt/clion/bin/cmake/share/cmake-3.5/Modules/CMakeCCompilerABI.c
Linking C executable cmTC_d3da4
/opt/clion/bin/cmake/bin/cmake -E cmake_link_script CMakeFiles/cmTC_d3da4.dir/link.txt --verbose=1
/usr/bin/clang      -v CMakeFiles/cmTC_d3da4.dir/CMakeCCompilerABI.c.o  -o cmTC_d3da4 -rdynamic  
clang version 3.8.0 (tags/RELEASE_380/final)
Target: x86_64-unknown-linux-gnu
Thread model: posix
InstalledDir: /usr/bin
Found candidate GCC installation: /usr/bin/../lib/gcc/x86_64-pc-linux-gnu/6.1.1
Found candidate GCC installation: /usr/bin/../lib64/gcc/x86_64-pc-linux-gnu/6.1.1
Found candidate GCC installation: /usr/lib/gcc/x86_64-pc-linux-gnu/6.1.1
Found candidate GCC installation: /usr/lib64/gcc/x86_64-pc-linux-gnu/6.1.1
Selected GCC installation: /usr/bin/../lib64/gcc/x86_64-pc-linux-gnu/6.1.1
Candidate multilib: .;@m64
Selected multilib: .;@m64
 "/usr/bin/ld" -export-dynamic --eh-frame-hdr -m elf_x86_64 -dynamic-linker /lib64/ld-linux-x86-64.so.2 -o cmTC_d3da4 /usr/bin/../lib64/gcc/x86_64-pc-linux-gnu/6.1.1/../../../../lib64/crt1.o /usr/bin/../lib64/gcc/x86_64-pc-linux-gnu/6.1.1/../../../../lib64/crti.o /usr/bin/../lib64/gcc/x86_64-pc-linux-gnu/6.1.1/crtbegin.o -L/usr/bin/../lib64/gcc/x86_64-pc-linux-gnu/6.1.1 -L/usr/bin/../lib64/gcc/x86_64-pc-linux-gnu/6.1.1/../../../../lib64 -L/usr/bin/../lib64 -L/lib/../lib64 -L/usr/lib/../lib64 -L/usr/bin/../lib64/gcc/x86_64-pc-linux-gnu/6.1.1/../../.. -L/usr/bin/../lib -L/lib -L/usr/lib CMakeFiles/cmTC_d3da4.dir/CMakeCCompilerABI.c.o -lgcc --as-needed -lgcc_s --no-as-needed -lc -lgcc --as-needed -lgcc_s --no-as-needed /usr/bin/../lib64/gcc/x86_64-pc-linux-gnu/6.1.1/crtend.o /usr/bin/../lib64/gcc/x86_64-pc-linux-gnu/6.1.1/../../../../lib64/crtn.o
make[1]: Leaving directory '/home/origamidance/.CLion2016.2/system/cmake/generated/ofxGeoFramework-4ae38f71/4ae38f71/MinSizeRel/CMakeFiles/CMakeTmp'


Parsed C implicit link information from above output:
  link line regex: [^( *|.*[/\])(ld|([^/\]+-)?ld|collect2)[^/\]*( |$)]
  ignore line: [Change Dir: /home/origamidance/.CLion2016.2/system/cmake/generated/ofxGeoFramework-4ae38f71/4ae38f71/MinSizeRel/CMakeFiles/CMakeTmp]
  ignore line: []
  ignore line: [Run Build Command:"/usr/bin/make" "cmTC_d3da4/fast"]
  ignore line: [/usr/bin/make -f CMakeFiles/cmTC_d3da4.dir/build.make CMakeFiles/cmTC_d3da4.dir/build]
  ignore line: [make[1]: Entering directory '/home/origamidance/.CLion2016.2/system/cmake/generated/ofxGeoFramework-4ae38f71/4ae38f71/MinSizeRel/CMakeFiles/CMakeTmp']
  ignore line: [Building C object CMakeFiles/cmTC_d3da4.dir/CMakeCCompilerABI.c.o]
  ignore line: [/usr/bin/clang     -o CMakeFiles/cmTC_d3da4.dir/CMakeCCompilerABI.c.o   -c /opt/clion/bin/cmake/share/cmake-3.5/Modules/CMakeCCompilerABI.c]
  ignore line: [Linking C executable cmTC_d3da4]
  ignore line: [/opt/clion/bin/cmake/bin/cmake -E cmake_link_script CMakeFiles/cmTC_d3da4.dir/link.txt --verbose=1]
  ignore line: [/usr/bin/clang      -v CMakeFiles/cmTC_d3da4.dir/CMakeCCompilerABI.c.o  -o cmTC_d3da4 -rdynamic  ]
  ignore line: [clang version 3.8.0 (tags/RELEASE_380/final)]
  ignore line: [Target: x86_64-unknown-linux-gnu]
  ignore line: [Thread model: posix]
  ignore line: [InstalledDir: /usr/bin]
  ignore line: [Found candidate GCC installation: /usr/bin/../lib/gcc/x86_64-pc-linux-gnu/6.1.1]
  ignore line: [Found candidate GCC installation: /usr/bin/../lib64/gcc/x86_64-pc-linux-gnu/6.1.1]
  ignore line: [Found candidate GCC installation: /usr/lib/gcc/x86_64-pc-linux-gnu/6.1.1]
  ignore line: [Found candidate GCC installation: /usr/lib64/gcc/x86_64-pc-linux-gnu/6.1.1]
  ignore line: [Selected GCC installation: /usr/bin/../lib64/gcc/x86_64-pc-linux-gnu/6.1.1]
  ignore line: [Candidate multilib: .]
  ignore line: [@m64]
  ignore line: [Selected multilib: .]
  ignore line: [@m64]
  link line: [ "/usr/bin/ld" -export-dynamic --eh-frame-hdr -m elf_x86_64 -dynamic-linker /lib64/ld-linux-x86-64.so.2 -o cmTC_d3da4 /usr/bin/../lib64/gcc/x86_64-pc-linux-gnu/6.1.1/../../../../lib64/crt1.o /usr/bin/../lib64/gcc/x86_64-pc-linux-gnu/6.1.1/../../../../lib64/crti.o /usr/bin/../lib64/gcc/x86_64-pc-linux-gnu/6.1.1/crtbegin.o -L/usr/bin/../lib64/gcc/x86_64-pc-linux-gnu/6.1.1 -L/usr/bin/../lib64/gcc/x86_64-pc-linux-gnu/6.1.1/../../../../lib64 -L/usr/bin/../lib64 -L/lib/../lib64 -L/usr/lib/../lib64 -L/usr/bin/../lib64/gcc/x86_64-pc-linux-gnu/6.1.1/../../.. -L/usr/bin/../lib -L/lib -L/usr/lib CMakeFiles/cmTC_d3da4.dir/CMakeCCompilerABI.c.o -lgcc --as-needed -lgcc_s --no-as-needed -lc -lgcc --as-needed -lgcc_s --no-as-needed /usr/bin/../lib64/gcc/x86_64-pc-linux-gnu/6.1.1/crtend.o /usr/bin/../lib64/gcc/x86_64-pc-linux-gnu/6.1.1/../../../../lib64/crtn.o]
    arg [/usr/bin/ld] ==> ignore
    arg [-export-dynamic] ==> ignore
    arg [--eh-frame-hdr] ==> ignore
    arg [-m] ==> ignore
    arg [elf_x86_64] ==> ignore
    arg [-dynamic-linker] ==> ignore
    arg [/lib64/ld-linux-x86-64.so.2] ==> ignore
    arg [-o] ==> ignore
    arg [cmTC_d3da4] ==> ignore
    arg [/usr/bin/../lib64/gcc/x86_64-pc-linux-gnu/6.1.1/../../../../lib64/crt1.o] ==> ignore
    arg [/usr/bin/../lib64/gcc/x86_64-pc-linux-gnu/6.1.1/../../../../lib64/crti.o] ==> ignore
    arg [/usr/bin/../lib64/gcc/x86_64-pc-linux-gnu/6.1.1/crtbegin.o] ==> ignore
    arg [-L/usr/bin/../lib64/gcc/x86_64-pc-linux-gnu/6.1.1] ==> dir [/usr/bin/../lib64/gcc/x86_64-pc-linux-gnu/6.1.1]
    arg [-L/usr/bin/../lib64/gcc/x86_64-pc-linux-gnu/6.1.1/../../../../lib64] ==> dir [/usr/bin/../lib64/gcc/x86_64-pc-linux-gnu/6.1.1/../../../../lib64]
    arg [-L/usr/bin/../lib64] ==> dir [/usr/bin/../lib64]
    arg [-L/lib/../lib64] ==> dir [/lib/../lib64]
    arg [-L/usr/lib/../lib64] ==> dir [/usr/lib/../lib64]
    arg [-L/usr/bin/../lib64/gcc/x86_64-pc-linux-gnu/6.1.1/../../..] ==> dir [/usr/bin/../lib64/gcc/x86_64-pc-linux-gnu/6.1.1/../../..]
    arg [-L/usr/bin/../lib] ==> dir [/usr/bin/../lib]
    arg [-L/lib] ==> dir [/lib]
    arg [-L/usr/lib] ==> dir [/usr/lib]
    arg [CMakeFiles/cmTC_d3da4.dir/CMakeCCompilerABI.c.o] ==> ignore
    arg [-lgcc] ==> lib [gcc]
    arg [--as-needed] ==> ignore
    arg [-lgcc_s] ==> lib [gcc_s]
    arg [--no-as-needed] ==> ignore
    arg [-lc] ==> lib [c]
    arg [-lgcc] ==> lib [gcc]
    arg [--as-needed] ==> ignore
    arg [-lgcc_s] ==> lib [gcc_s]
    arg [--no-as-needed] ==> ignore
    arg [/usr/bin/../lib64/gcc/x86_64-pc-linux-gnu/6.1.1/crtend.o] ==> ignore
    arg [/usr/bin/../lib64/gcc/x86_64-pc-linux-gnu/6.1.1/../../../../lib64/crtn.o] ==> ignore
  remove lib [gcc]
  remove lib [gcc_s]
  remove lib [gcc]
  remove lib [gcc_s]
  collapse library dir [/usr/bin/../lib64/gcc/x86_64-pc-linux-gnu/6.1.1] ==> [/usr/lib64/gcc/x86_64-pc-linux-gnu/6.1.1]
  collapse library dir [/usr/bin/../lib64/gcc/x86_64-pc-linux-gnu/6.1.1/../../../../lib64] ==> [/usr/lib64]
  collapse library dir [/usr/bin/../lib64] ==> [/usr/lib64]
  collapse library dir [/lib/../lib64] ==> [/lib64]
  collapse library dir [/usr/lib/../lib64] ==> [/usr/lib64]
  collapse library dir [/usr/bin/../lib64/gcc/x86_64-pc-linux-gnu/6.1.1/../../..] ==> [/usr/lib64]
  collapse library dir [/usr/bin/../lib] ==> [/usr/lib]
  collapse library dir [/lib] ==> [/lib]
  collapse library dir [/usr/lib] ==> [/usr/lib]
  implicit libs: [c]
  implicit dirs: [/usr/lib64/gcc/x86_64-pc-linux-gnu/6.1.1;/usr/lib64;/lib64;/usr/lib;/lib]
  implicit fwks: []




Detecting C [-std=c11] compiler features compiled with the following output:
Change Dir: /home/origamidance/.CLion2016.2/system/cmake/generated/ofxGeoFramework-4ae38f71/4ae38f71/MinSizeRel/CMakeFiles/CMakeTmp

Run Build Command:"/usr/bin/make" "cmTC_31621/fast"
/usr/bin/make -f CMakeFiles/cmTC_31621.dir/build.make CMakeFiles/cmTC_31621.dir/build
make[1]: Entering directory '/home/origamidance/.CLion2016.2/system/cmake/generated/ofxGeoFramework-4ae38f71/4ae38f71/MinSizeRel/CMakeFiles/CMakeTmp'
Building C object CMakeFiles/cmTC_31621.dir/feature_tests.c.o
/usr/bin/clang    -std=c11 -o CMakeFiles/cmTC_31621.dir/feature_tests.c.o   -c /home/origamidance/.CLion2016.2/system/cmake/generated/ofxGeoFramework-4ae38f71/4ae38f71/MinSizeRel/CMakeFiles/feature_tests.c
Linking C executable cmTC_31621
/opt/clion/bin/cmake/bin/cmake -E cmake_link_script CMakeFiles/cmTC_31621.dir/link.txt --verbose=1
/usr/bin/clang       CMakeFiles/cmTC_31621.dir/feature_tests.c.o  -o cmTC_31621 -rdynamic 
make[1]: Leaving directory '/home/origamidance/.CLion2016.2/system/cmake/generated/ofxGeoFramework-4ae38f71/4ae38f71/MinSizeRel/CMakeFiles/CMakeTmp'


    Feature record: C_FEATURE:1c_function_prototypes
    Feature record: C_FEATURE:1c_restrict
    Feature record: C_FEATURE:1c_static_assert
    Feature record: C_FEATURE:1c_variadic_macros


Detecting C [-std=c99] compiler features compiled with the following output:
Change Dir: /home/origamidance/.CLion2016.2/system/cmake/generated/ofxGeoFramework-4ae38f71/4ae38f71/MinSizeRel/CMakeFiles/CMakeTmp

Run Build Command:"/usr/bin/make" "cmTC_9923f/fast"
/usr/bin/make -f CMakeFiles/cmTC_9923f.dir/build.make CMakeFiles/cmTC_9923f.dir/build
make[1]: Entering directory '/home/origamidance/.CLion2016.2/system/cmake/generated/ofxGeoFramework-4ae38f71/4ae38f71/MinSizeRel/CMakeFiles/CMakeTmp'
Building C object CMakeFiles/cmTC_9923f.dir/feature_tests.c.o
/usr/bin/clang    -std=c99 -o CMakeFiles/cmTC_9923f.dir/feature_tests.c.o   -c /home/origamidance/.CLion2016.2/system/cmake/generated/ofxGeoFramework-4ae38f71/4ae38f71/MinSizeRel/CMakeFiles/feature_tests.c
Linking C executable cmTC_9923f
/opt/clion/bin/cmake/bin/cmake -E cmake_link_script CMakeFiles/cmTC_9923f.dir/link.txt --verbose=1
/usr/bin/clang       CMakeFiles/cmTC_9923f.dir/feature_tests.c.o  -o cmTC_9923f -rdynamic 
make[1]: Leaving directory '/home/origamidance/.CLion2016.2/system/cmake/generated/ofxGeoFramework-4ae38f71/4ae38f71/MinSizeRel/CMakeFiles/CMakeTmp'


    Feature record: C_FEATURE:1c_function_prototypes
    Feature record: C_FEATURE:1c_restrict
    Feature record: C_FEATURE:0c_static_assert
    Feature record: C_FEATURE:1c_variadic_macros


Detecting C [-std=c90] compiler features compiled with the following output:
Change Dir: /home/origamidance/.CLion2016.2/system/cmake/generated/ofxGeoFramework-4ae38f71/4ae38f71/MinSizeRel/CMakeFiles/CMakeTmp

Run Build Command:"/usr/bin/make" "cmTC_679f5/fast"
/usr/bin/make -f CMakeFiles/cmTC_679f5.dir/build.make CMakeFiles/cmTC_679f5.dir/build
make[1]: Entering directory '/home/origamidance/.CLion2016.2/system/cmake/generated/ofxGeoFramework-4ae38f71/4ae38f71/MinSizeRel/CMakeFiles/CMakeTmp'
Building C object CMakeFiles/cmTC_679f5.dir/feature_tests.c.o
/usr/bin/clang    -std=c90 -o CMakeFiles/cmTC_679f5.dir/feature_tests.c.o   -c /home/origamidance/.CLion2016.2/system/cmake/generated/ofxGeoFramework-4ae38f71/4ae38f71/MinSizeRel/CMakeFiles/feature_tests.c
Linking C executable cmTC_679f5
/opt/clion/bin/cmake/bin/cmake -E cmake_link_script CMakeFiles/cmTC_679f5.dir/link.txt --verbose=1
/usr/bin/clang       CMakeFiles/cmTC_679f5.dir/feature_tests.c.o  -o cmTC_679f5 -rdynamic 
make[1]: Leaving directory '/home/origamidance/.CLion2016.2/system/cmake/generated/ofxGeoFramework-4ae38f71/4ae38f71/MinSizeRel/CMakeFiles/CMakeTmp'


    Feature record: C_FEATURE:1c_function_prototypes
    Feature record: C_FEATURE:0c_restrict
    Feature record: C_FEATURE:0c_static_assert
    Feature record: C_FEATURE:0c_variadic_macros
Determining if the CXX compiler works passed with the following output:
Change Dir: /home/origamidance/.CLion2016.2/system/cmake/generated/ofxGeoFramework-4ae38f71/4ae38f71/MinSizeRel/CMakeFiles/CMakeTmp

Run Build Command:"/usr/bin/make" "cmTC_52133/fast"
/usr/bin/make -f CMakeFiles/cmTC_52133.dir/build.make CMakeFiles/cmTC_52133.dir/build
make[1]: Entering directory '/home/origamidance/.CLion2016.2/system/cmake/generated/ofxGeoFramework-4ae38f71/4ae38f71/MinSizeRel/CMakeFiles/CMakeTmp'
Building CXX object CMakeFiles/cmTC_52133.dir/testCXXCompiler.cxx.o
/usr/bin/clang++      -o CMakeFiles/cmTC_52133.dir/testCXXCompiler.cxx.o -c /home/origamidance/.CLion2016.2/system/cmake/generated/ofxGeoFramework-4ae38f71/4ae38f71/MinSizeRel/CMakeFiles/CMakeTmp/testCXXCompiler.cxx
Linking CXX executable cmTC_52133
/opt/clion/bin/cmake/bin/cmake -E cmake_link_script CMakeFiles/cmTC_52133.dir/link.txt --verbose=1
/usr/bin/clang++        CMakeFiles/cmTC_52133.dir/testCXXCompiler.cxx.o  -o cmTC_52133 -rdynamic 
make[1]: Leaving directory '/home/origamidance/.CLion2016.2/system/cmake/generated/ofxGeoFramework-4ae38f71/4ae38f71/MinSizeRel/CMakeFiles/CMakeTmp'


Detecting CXX compiler ABI info compiled with the following output:
Change Dir: /home/origamidance/.CLion2016.2/system/cmake/generated/ofxGeoFramework-4ae38f71/4ae38f71/MinSizeRel/CMakeFiles/CMakeTmp

Run Build Command:"/usr/bin/make" "cmTC_42c71/fast"
/usr/bin/make -f CMakeFiles/cmTC_42c71.dir/build.make CMakeFiles/cmTC_42c71.dir/build
make[1]: Entering directory '/home/origamidance/.CLion2016.2/system/cmake/generated/ofxGeoFramework-4ae38f71/4ae38f71/MinSizeRel/CMakeFiles/CMakeTmp'
Building CXX object CMakeFiles/cmTC_42c71.dir/CMakeCXXCompilerABI.cpp.o
/usr/bin/clang++      -o CMakeFiles/cmTC_42c71.dir/CMakeCXXCompilerABI.cpp.o -c /opt/clion/bin/cmake/share/cmake-3.5/Modules/CMakeCXXCompilerABI.cpp
Linking CXX executable cmTC_42c71
/opt/clion/bin/cmake/bin/cmake -E cmake_link_script CMakeFiles/cmTC_42c71.dir/link.txt --verbose=1
/usr/bin/clang++       -v CMakeFiles/cmTC_42c71.dir/CMakeCXXCompilerABI.cpp.o  -o cmTC_42c71 -rdynamic  
clang version 3.8.0 (tags/RELEASE_380/final)
Target: x86_64-unknown-linux-gnu
Thread model: posix
InstalledDir: /usr/bin
Found candidate GCC installation: /usr/bin/../lib/gcc/x86_64-pc-linux-gnu/6.1.1
Found candidate GCC installation: /usr/bin/../lib64/gcc/x86_64-pc-linux-gnu/6.1.1
Found candidate GCC installation: /usr/lib/gcc/x86_64-pc-linux-gnu/6.1.1
Found candidate GCC installation: /usr/lib64/gcc/x86_64-pc-linux-gnu/6.1.1
Selected GCC installation: /usr/bin/../lib64/gcc/x86_64-pc-linux-gnu/6.1.1
Candidate multilib: .;@m64
Selected multilib: .;@m64
 "/usr/bin/ld" -export-dynamic --eh-frame-hdr -m elf_x86_64 -dynamic-linker /lib64/ld-linux-x86-64.so.2 -o cmTC_42c71 /usr/bin/../lib64/gcc/x86_64-pc-linux-gnu/6.1.1/../../../../lib64/crt1.o /usr/bin/../lib64/gcc/x86_64-pc-linux-gnu/6.1.1/../../../../lib64/crti.o /usr/bin/../lib64/gcc/x86_64-pc-linux-gnu/6.1.1/crtbegin.o -L/usr/bin/../lib64/gcc/x86_64-pc-linux-gnu/6.1.1 -L/usr/bin/../lib64/gcc/x86_64-pc-linux-gnu/6.1.1/../../../../lib64 -L/usr/bin/../lib64 -L/lib/../lib64 -L/usr/lib/../lib64 -L/usr/bin/../lib64/gcc/x86_64-pc-linux-gnu/6.1.1/../../.. -L/usr/bin/../lib -L/lib -L/usr/lib CMakeFiles/cmTC_42c71.dir/CMakeCXXCompilerABI.cpp.o -lstdc++ -lm -lgcc_s -lgcc -lc -lgcc_s -lgcc /usr/bin/../lib64/gcc/x86_64-pc-linux-gnu/6.1.1/crtend.o /usr/bin/../lib64/gcc/x86_64-pc-linux-gnu/6.1.1/../../../../lib64/crtn.o
make[1]: Leaving directory '/home/origamidance/.CLion2016.2/system/cmake/generated/ofxGeoFramework-4ae38f71/4ae38f71/MinSizeRel/CMakeFiles/CMakeTmp'


Parsed CXX implicit link information from above output:
  link line regex: [^( *|.*[/\])(ld|([^/\]+-)?ld|collect2)[^/\]*( |$)]
  ignore line: [Change Dir: /home/origamidance/.CLion2016.2/system/cmake/generated/ofxGeoFramework-4ae38f71/4ae38f71/MinSizeRel/CMakeFiles/CMakeTmp]
  ignore line: []
  ignore line: [Run Build Command:"/usr/bin/make" "cmTC_42c71/fast"]
  ignore line: [/usr/bin/make -f CMakeFiles/cmTC_42c71.dir/build.make CMakeFiles/cmTC_42c71.dir/build]
  ignore line: [make[1]: Entering directory '/home/origamidance/.CLion2016.2/system/cmake/generated/ofxGeoFramework-4ae38f71/4ae38f71/MinSizeRel/CMakeFiles/CMakeTmp']
  ignore line: [Building CXX object CMakeFiles/cmTC_42c71.dir/CMakeCXXCompilerABI.cpp.o]
  ignore line: [/usr/bin/clang++      -o CMakeFiles/cmTC_42c71.dir/CMakeCXXCompilerABI.cpp.o -c /opt/clion/bin/cmake/share/cmake-3.5/Modules/CMakeCXXCompilerABI.cpp]
  ignore line: [Linking CXX executable cmTC_42c71]
  ignore line: [/opt/clion/bin/cmake/bin/cmake -E cmake_link_script CMakeFiles/cmTC_42c71.dir/link.txt --verbose=1]
  ignore line: [/usr/bin/clang++       -v CMakeFiles/cmTC_42c71.dir/CMakeCXXCompilerABI.cpp.o  -o cmTC_42c71 -rdynamic  ]
  ignore line: [clang version 3.8.0 (tags/RELEASE_380/final)]
  ignore line: [Target: x86_64-unknown-linux-gnu]
  ignore line: [Thread model: posix]
  ignore line: [InstalledDir: /usr/bin]
  ignore line: [Found candidate GCC installation: /usr/bin/../lib/gcc/x86_64-pc-linux-gnu/6.1.1]
  ignore line: [Found candidate GCC installation: /usr/bin/../lib64/gcc/x86_64-pc-linux-gnu/6.1.1]
  ignore line: [Found candidate GCC installation: /usr/lib/gcc/x86_64-pc-linux-gnu/6.1.1]
  ignore line: [Found candidate GCC installation: /usr/lib64/gcc/x86_64-pc-linux-gnu/6.1.1]
  ignore line: [Selected GCC installation: /usr/bin/../lib64/gcc/x86_64-pc-linux-gnu/6.1.1]
  ignore line: [Candidate multilib: .]
  ignore line: [@m64]
  ignore line: [Selected multilib: .]
  ignore line: [@m64]
  link line: [ "/usr/bin/ld" -export-dynamic --eh-frame-hdr -m elf_x86_64 -dynamic-linker /lib64/ld-linux-x86-64.so.2 -o cmTC_42c71 /usr/bin/../lib64/gcc/x86_64-pc-linux-gnu/6.1.1/../../../../lib64/crt1.o /usr/bin/../lib64/gcc/x86_64-pc-linux-gnu/6.1.1/../../../../lib64/crti.o /usr/bin/../lib64/gcc/x86_64-pc-linux-gnu/6.1.1/crtbegin.o -L/usr/bin/../lib64/gcc/x86_64-pc-linux-gnu/6.1.1 -L/usr/bin/../lib64/gcc/x86_64-pc-linux-gnu/6.1.1/../../../../lib64 -L/usr/bin/../lib64 -L/lib/../lib64 -L/usr/lib/../lib64 -L/usr/bin/../lib64/gcc/x86_64-pc-linux-gnu/6.1.1/../../.. -L/usr/bin/../lib -L/lib -L/usr/lib CMakeFiles/cmTC_42c71.dir/CMakeCXXCompilerABI.cpp.o -lstdc++ -lm -lgcc_s -lgcc -lc -lgcc_s -lgcc /usr/bin/../lib64/gcc/x86_64-pc-linux-gnu/6.1.1/crtend.o /usr/bin/../lib64/gcc/x86_64-pc-linux-gnu/6.1.1/../../../../lib64/crtn.o]
    arg [/usr/bin/ld] ==> ignore
    arg [-export-dynamic] ==> ignore
    arg [--eh-frame-hdr] ==> ignore
    arg [-m] ==> ignore
    arg [elf_x86_64] ==> ignore
    arg [-dynamic-linker] ==> ignore
    arg [/lib64/ld-linux-x86-64.so.2] ==> ignore
    arg [-o] ==> ignore
    arg [cmTC_42c71] ==> ignore
    arg [/usr/bin/../lib64/gcc/x86_64-pc-linux-gnu/6.1.1/../../../../lib64/crt1.o] ==> ignore
    arg [/usr/bin/../lib64/gcc/x86_64-pc-linux-gnu/6.1.1/../../../../lib64/crti.o] ==> ignore
    arg [/usr/bin/../lib64/gcc/x86_64-pc-linux-gnu/6.1.1/crtbegin.o] ==> ignore
    arg [-L/usr/bin/../lib64/gcc/x86_64-pc-linux-gnu/6.1.1] ==> dir [/usr/bin/../lib64/gcc/x86_64-pc-linux-gnu/6.1.1]
    arg [-L/usr/bin/../lib64/gcc/x86_64-pc-linux-gnu/6.1.1/../../../../lib64] ==> dir [/usr/bin/../lib64/gcc/x86_64-pc-linux-gnu/6.1.1/../../../../lib64]
    arg [-L/usr/bin/../lib64] ==> dir [/usr/bin/../lib64]
    arg [-L/lib/../lib64] ==> dir [/lib/../lib64]
    arg [-L/usr/lib/../lib64] ==> dir [/usr/lib/../lib64]
    arg [-L/usr/bin/../lib64/gcc/x86_64-pc-linux-gnu/6.1.1/../../..] ==> dir [/usr/bin/../lib64/gcc/x86_64-pc-linux-gnu/6.1.1/../../..]
    arg [-L/usr/bin/../lib] ==> dir [/usr/bin/../lib]
    arg [-L/lib] ==> dir [/lib]
    arg [-L/usr/lib] ==> dir [/usr/lib]
    arg [CMakeFiles/cmTC_42c71.dir/CMakeCXXCompilerABI.cpp.o] ==> ignore
    arg [-lstdc++] ==> lib [stdc++]
    arg [-lm] ==> lib [m]
    arg [-lgcc_s] ==> lib [gcc_s]
    arg [-lgcc] ==> lib [gcc]
    arg [-lc] ==> lib [c]
    arg [-lgcc_s] ==> lib [gcc_s]
    arg [-lgcc] ==> lib [gcc]
    arg [/usr/bin/../lib64/gcc/x86_64-pc-linux-gnu/6.1.1/crtend.o] ==> ignore
    arg [/usr/bin/../lib64/gcc/x86_64-pc-linux-gnu/6.1.1/../../../../lib64/crtn.o] ==> ignore
  remove lib [gcc_s]
  remove lib [gcc]
  remove lib [gcc_s]
  remove lib [gcc]
  collapse library dir [/usr/bin/../lib64/gcc/x86_64-pc-linux-gnu/6.1.1] ==> [/usr/lib64/gcc/x86_64-pc-linux-gnu/6.1.1]
  collapse library dir [/usr/bin/../lib64/gcc/x86_64-pc-linux-gnu/6.1.1/../../../../lib64] ==> [/usr/lib64]
  collapse library dir [/usr/bin/../lib64] ==> [/usr/lib64]
  collapse library dir [/lib/../lib64] ==> [/lib64]
  collapse library dir [/usr/lib/../lib64] ==> [/usr/lib64]
  collapse library dir [/usr/bin/../lib64/gcc/x86_64-pc-linux-gnu/6.1.1/../../..] ==> [/usr/lib64]
  collapse library dir [/usr/bin/../lib] ==> [/usr/lib]
  collapse library dir [/lib] ==> [/lib]
  collapse library dir [/usr/lib] ==> [/usr/lib]
  implicit libs: [stdc++;m;c]
  implicit dirs: [/usr/lib64/gcc/x86_64-pc-linux-gnu/6.1.1;/usr/lib64;/lib64;/usr/lib;/lib]
  implicit fwks: []




Detecting CXX [-std=c++14] compiler features compiled with the following output:
Change Dir: /home/origamidance/.CLion2016.2/system/cmake/generated/ofxGeoFramework-4ae38f71/4ae38f71/MinSizeRel/CMakeFiles/CMakeTmp

Run Build Command:"/usr/bin/make" "cmTC_3ee8d/fast"
/usr/bin/make -f CMakeFiles/cmTC_3ee8d.dir/build.make CMakeFiles/cmTC_3ee8d.dir/build
make[1]: Entering directory '/home/origamidance/.CLion2016.2/system/cmake/generated/ofxGeoFramework-4ae38f71/4ae38f71/MinSizeRel/CMakeFiles/CMakeTmp'
Building CXX object CMakeFiles/cmTC_3ee8d.dir/feature_tests.cxx.o
/usr/bin/clang++     -std=c++14 -o CMakeFiles/cmTC_3ee8d.dir/feature_tests.cxx.o -c /home/origamidance/.CLion2016.2/system/cmake/generated/ofxGeoFramework-4ae38f71/4ae38f71/MinSizeRel/CMakeFiles/feature_tests.cxx
Linking CXX executable cmTC_3ee8d
/opt/clion/bin/cmake/bin/cmake -E cmake_link_script CMakeFiles/cmTC_3ee8d.dir/link.txt --verbose=1
/usr/bin/clang++        CMakeFiles/cmTC_3ee8d.dir/feature_tests.cxx.o  -o cmTC_3ee8d -rdynamic 
make[1]: Leaving directory '/home/origamidance/.CLion2016.2/system/cmake/generated/ofxGeoFramework-4ae38f71/4ae38f71/MinSizeRel/CMakeFiles/CMakeTmp'


    Feature record: CXX_FEATURE:1cxx_aggregate_default_initializers
    Feature record: CXX_FEATURE:1cxx_alias_templates
    Feature record: CXX_FEATURE:1cxx_alignas
    Feature record: CXX_FEATURE:1cxx_alignof
    Feature record: CXX_FEATURE:1cxx_attributes
    Feature record: CXX_FEATURE:1cxx_attribute_deprecated
    Feature record: CXX_FEATURE:1cxx_auto_type
    Feature record: CXX_FEATURE:1cxx_binary_literals
    Feature record: CXX_FEATURE:1cxx_constexpr
    Feature record: CXX_FEATURE:1cxx_contextual_conversions
    Feature record: CXX_FEATURE:1cxx_decltype
    Feature record: CXX_FEATURE:1cxx_decltype_auto
    Feature record: CXX_FEATURE:1cxx_decltype_incomplete_return_types
    Feature record: CXX_FEATURE:1cxx_default_function_template_args
    Feature record: CXX_FEATURE:1cxx_defaulted_functions
    Feature record: CXX_FEATURE:1cxx_defaulted_move_initializers
    Feature record: CXX_FEATURE:1cxx_delegating_constructors
    Feature record: CXX_FEATURE:1cxx_deleted_functions
    Feature record: CXX_FEATURE:1cxx_digit_separators
    Feature record: CXX_FEATURE:1cxx_enum_forward_declarations
    Feature record: CXX_FEATURE:1cxx_explicit_conversions
    Feature record: CXX_FEATURE:1cxx_extended_friend_declarations
    Feature record: CXX_FEATURE:1cxx_extern_templates
    Feature record: CXX_FEATURE:1cxx_final
    Feature record: CXX_FEATURE:1cxx_func_identifier
    Feature record: CXX_FEATURE:1cxx_generalized_initializers
    Feature record: CXX_FEATURE:1cxx_generic_lambdas
    Feature record: CXX_FEATURE:1cxx_inheriting_constructors
    Feature record: CXX_FEATURE:1cxx_inline_namespaces
    Feature record: CXX_FEATURE:1cxx_lambdas
    Feature record: CXX_FEATURE:1cxx_lambda_init_captures
    Feature record: CXX_FEATURE:1cxx_local_type_template_args
    Feature record: CXX_FEATURE:1cxx_long_long_type
    Feature record: CXX_FEATURE:1cxx_noexcept
    Feature record: CXX_FEATURE:1cxx_nonstatic_member_init
    Feature record: CXX_FEATURE:1cxx_nullptr
    Feature record: CXX_FEATURE:1cxx_override
    Feature record: CXX_FEATURE:1cxx_range_for
    Feature record: CXX_FEATURE:1cxx_raw_string_literals
    Feature record: CXX_FEATURE:1cxx_reference_qualified_functions
    Feature record: CXX_FEATURE:1cxx_relaxed_constexpr
    Feature record: CXX_FEATURE:1cxx_return_type_deduction
    Feature record: CXX_FEATURE:1cxx_right_angle_brackets
    Feature record: CXX_FEATURE:1cxx_rvalue_references
    Feature record: CXX_FEATURE:1cxx_sizeof_member
    Feature record: CXX_FEATURE:1cxx_static_assert
    Feature record: CXX_FEATURE:1cxx_strong_enums
    Feature record: CXX_FEATURE:1cxx_template_template_parameters
    Feature record: CXX_FEATURE:1cxx_thread_local
    Feature record: CXX_FEATURE:1cxx_trailing_return_types
    Feature record: CXX_FEATURE:1cxx_unicode_literals
    Feature record: CXX_FEATURE:1cxx_uniform_initialization
    Feature record: CXX_FEATURE:1cxx_unrestricted_unions
    Feature record: CXX_FEATURE:1cxx_user_literals
    Feature record: CXX_FEATURE:1cxx_variable_templates
    Feature record: CXX_FEATURE:1cxx_variadic_macros
    Feature record: CXX_FEATURE:1cxx_variadic_templates


Detecting CXX [-std=c++11] compiler features compiled with the following output:
Change Dir: /home/origamidance/.CLion2016.2/system/cmake/generated/ofxGeoFramework-4ae38f71/4ae38f71/MinSizeRel/CMakeFiles/CMakeTmp

Run Build Command:"/usr/bin/make" "cmTC_d4b16/fast"
/usr/bin/make -f CMakeFiles/cmTC_d4b16.dir/build.make CMakeFiles/cmTC_d4b16.dir/build
make[1]: Entering directory '/home/origamidance/.CLion2016.2/system/cmake/generated/ofxGeoFramework-4ae38f71/4ae38f71/MinSizeRel/CMakeFiles/CMakeTmp'
Building CXX object CMakeFiles/cmTC_d4b16.dir/feature_tests.cxx.o
/usr/bin/clang++     -std=c++11 -o CMakeFiles/cmTC_d4b16.dir/feature_tests.cxx.o -c /home/origamidance/.CLion2016.2/system/cmake/generated/ofxGeoFramework-4ae38f71/4ae38f71/MinSizeRel/CMakeFiles/feature_tests.cxx
Linking CXX executable cmTC_d4b16
/opt/clion/bin/cmake/bin/cmake -E cmake_link_script CMakeFiles/cmTC_d4b16.dir/link.txt --verbose=1
/usr/bin/clang++        CMakeFiles/cmTC_d4b16.dir/feature_tests.cxx.o  -o cmTC_d4b16 -rdynamic 
make[1]: Leaving directory '/home/origamidance/.CLion2016.2/system/cmake/generated/ofxGeoFramework-4ae38f71/4ae38f71/MinSizeRel/CMakeFiles/CMakeTmp'


    Feature record: CXX_FEATURE:0cxx_aggregate_default_initializers
    Feature record: CXX_FEATURE:1cxx_alias_templates
    Feature record: CXX_FEATURE:1cxx_alignas
    Feature record: CXX_FEATURE:1cxx_alignof
    Feature record: CXX_FEATURE:1cxx_attributes
    Feature record: CXX_FEATURE:0cxx_attribute_deprecated
    Feature record: CXX_FEATURE:1cxx_auto_type
    Feature record: CXX_FEATURE:0cxx_binary_literals
    Feature record: CXX_FEATURE:1cxx_constexpr
    Feature record: CXX_FEATURE:0cxx_contextual_conversions
    Feature record: CXX_FEATURE:1cxx_decltype
    Feature record: CXX_FEATURE:0cxx_decltype_auto
    Feature record: CXX_FEATURE:1cxx_decltype_incomplete_return_types
    Feature record: CXX_FEATURE:1cxx_default_function_template_args
    Feature record: CXX_FEATURE:1cxx_defaulted_functions
    Feature record: CXX_FEATURE:1cxx_defaulted_move_initializers
    Feature record: CXX_FEATURE:1cxx_delegating_constructors
    Feature record: CXX_FEATURE:1cxx_deleted_functions
    Feature record: CXX_FEATURE:0cxx_digit_separators
    Feature record: CXX_FEATURE:1cxx_enum_forward_declarations
    Feature record: CXX_FEATURE:1cxx_explicit_conversions
    Feature record: CXX_FEATURE:1cxx_extended_friend_declarations
    Feature record: CXX_FEATURE:1cxx_extern_templates
    Feature record: CXX_FEATURE:1cxx_final
    Feature record: CXX_FEATURE:1cxx_func_identifier
    Feature record: CXX_FEATURE:1cxx_generalized_initializers
    Feature record: CXX_FEATURE:0cxx_generic_lambdas
    Feature record: CXX_FEATURE:1cxx_inheriting_constructors
    Feature record: CXX_FEATURE:1cxx_inline_namespaces
    Feature record: CXX_FEATURE:1cxx_lambdas
    Feature record: CXX_FEATURE:0cxx_lambda_init_captures
    Feature record: CXX_FEATURE:1cxx_local_type_template_args
    Feature record: CXX_FEATURE:1cxx_long_long_type
    Feature record: CXX_FEATURE:1cxx_noexcept
    Feature record: CXX_FEATURE:1cxx_nonstatic_member_init
    Feature record: CXX_FEATURE:1cxx_nullptr
    Feature record: CXX_FEATURE:1cxx_override
    Feature record: CXX_FEATURE:1cxx_range_for
    Feature record: CXX_FEATURE:1cxx_raw_string_literals
    Feature record: CXX_FEATURE:1cxx_reference_qualified_functions
    Feature record: CXX_FEATURE:0cxx_relaxed_constexpr
    Feature record: CXX_FEATURE:0cxx_return_type_deduction
    Feature record: CXX_FEATURE:1cxx_right_angle_brackets
    Feature record: CXX_FEATURE:1cxx_rvalue_references
    Feature record: CXX_FEATURE:1cxx_sizeof_member
    Feature record: CXX_FEATURE:1cxx_static_assert
    Feature record: CXX_FEATURE:1cxx_strong_enums
    Feature record: CXX_FEATURE:1cxx_template_template_parameters
    Feature record: CXX_FEATURE:1cxx_thread_local
    Feature record: CXX_FEATURE:1cxx_trailing_return_types
    Feature record: CXX_FEATURE:1cxx_unicode_literals
    Feature record: CXX_FEATURE:1cxx_uniform_initialization
    Feature record: CXX_FEATURE:1cxx_unrestricted_unions
    Feature record: CXX_FEATURE:1cxx_user_literals
    Feature record: CXX_FEATURE:0cxx_variable_templates
    Feature record: CXX_FEATURE:1cxx_variadic_macros
    Feature record: CXX_FEATURE:1cxx_variadic_templates


Detecting CXX [-std=c++98] compiler features compiled with the following output:
Change Dir: /home/origamidance/.CLion2016.2/system/cmake/generated/ofxGeoFramework-4ae38f71/4ae38f71/MinSizeRel/CMakeFiles/CMakeTmp

Run Build Command:"/usr/bin/make" "cmTC_13797/fast"
/usr/bin/make -f CMakeFiles/cmTC_13797.dir/build.make CMakeFiles/cmTC_13797.dir/build
make[1]: Entering directory '/home/origamidance/.CLion2016.2/system/cmake/generated/ofxGeoFramework-4ae38f71/4ae38f71/MinSizeRel/CMakeFiles/CMakeTmp'
Building CXX object CMakeFiles/cmTC_13797.dir/feature_tests.cxx.o
/usr/bin/clang++     -std=c++98 -o CMakeFiles/cmTC_13797.dir/feature_tests.cxx.o -c /home/origamidance/.CLion2016.2/system/cmake/generated/ofxGeoFramework-4ae38f71/4ae38f71/MinSizeRel/CMakeFiles/feature_tests.cxx
Linking CXX executable cmTC_13797
/opt/clion/bin/cmake/bin/cmake -E cmake_link_script CMakeFiles/cmTC_13797.dir/link.txt --verbose=1
/usr/bin/clang++        CMakeFiles/cmTC_13797.dir/feature_tests.cxx.o  -o cmTC_13797 -rdynamic 
make[1]: Leaving directory '/home/origamidance/.CLion2016.2/system/cmake/generated/ofxGeoFramework-4ae38f71/4ae38f71/MinSizeRel/CMakeFiles/CMakeTmp'


    Feature record: CXX_FEATURE:0cxx_aggregate_default_initializers
    Feature record: CXX_FEATURE:0cxx_alias_templates
    Feature record: CXX_FEATURE:0cxx_alignas
    Feature record: CXX_FEATURE:0cxx_alignof
    Feature record: CXX_FEATURE:0cxx_attributes
    Feature record: CXX_FEATURE:0cxx_attribute_deprecated
    Feature record: CXX_FEATURE:0cxx_auto_type
    Feature record: CXX_FEATURE:0cxx_binary_literals
    Feature record: CXX_FEATURE:0cxx_constexpr
    Feature record: CXX_FEATURE:0cxx_contextual_conversions
    Feature record: CXX_FEATURE:0cxx_decltype
    Feature record: CXX_FEATURE:0cxx_decltype_auto
    Feature record: CXX_FEATURE:0cxx_decltype_incomplete_return_types
    Feature record: CXX_FEATURE:0cxx_default_function_template_args
    Feature record: CXX_FEATURE:0cxx_defaulted_functions
    Feature record: CXX_FEATURE:0cxx_defaulted_move_initializers
    Feature record: CXX_FEATURE:0cxx_delegating_constructors
    Feature record: CXX_FEATURE:0cxx_deleted_functions
    Feature record: CXX_FEATURE:0cxx_digit_separators
    Feature record: CXX_FEATURE:0cxx_enum_forward_declarations
    Feature record: CXX_FEATURE:0cxx_explicit_conversions
    Feature record: CXX_FEATURE:0cxx_extended_friend_declarations
    Feature record: CXX_FEATURE:0cxx_extern_templates
    Feature record: CXX_FEATURE:0cxx_final
    Feature record: CXX_FEATURE:0cxx_func_identifier
    Feature record: CXX_FEATURE:0cxx_generalized_initializers
    Feature record: CXX_FEATURE:0cxx_generic_lambdas
    Feature record: CXX_FEATURE:0cxx_inheriting_constructors
    Feature record: CXX_FEATURE:0cxx_inline_namespaces
    Feature record: CXX_FEATURE:0cxx_lambdas
    Feature record: CXX_FEATURE:0cxx_lambda_init_captures
    Feature record: CXX_FEATURE:0cxx_local_type_template_args
    Feature record: CXX_FEATURE:0cxx_long_long_type
    Feature record: CXX_FEATURE:0cxx_noexcept
    Feature record: CXX_FEATURE:0cxx_nonstatic_member_init
    Feature record: CXX_FEATURE:0cxx_nullptr
    Feature record: CXX_FEATURE:0cxx_override
    Feature record: CXX_FEATURE:0cxx_range_for
    Feature record: CXX_FEATURE:0cxx_raw_string_literals
    Feature record: CXX_FEATURE:0cxx_reference_qualified_functions
    Feature record: CXX_FEATURE:0cxx_relaxed_constexpr
    Feature record: CXX_FEATURE:0cxx_return_type_deduction
    Feature record: CXX_FEATURE:0cxx_right_angle_brackets
    Feature record: CXX_FEATURE:0cxx_rvalue_references
    Feature record: CXX_FEATURE:0cxx_sizeof_member
    Feature record: CXX_FEATURE:0cxx_static_assert
    Feature record: CXX_FEATURE:0cxx_strong_enums
    Feature record: CXX_FEATURE:1cxx_template_template_parameters
    Feature record: CXX_FEATURE:0cxx_thread_local
    Feature record: CXX_FEATURE:0cxx_trailing_return_types
    Feature record: CXX_FEATURE:0cxx_unicode_literals
    Feature record: CXX_FEATURE:0cxx_uniform_initialization
    Feature record: CXX_FEATURE:0cxx_unrestricted_unions
    Feature record: CXX_FEATURE:0cxx_user_literals
    Feature record: CXX_FEATURE:0cxx_variable_templates
    Feature record: CXX_FEATURE:0cxx_variadic_macros
    Feature record: CXX_FEATURE:0cxx_variadic_templates
Determining if the function XOpenDisplay exists in the /usr/lib64/libX11.so;/usr/lib64/libXext.so passed with the following output:
Change Dir: /home/origamidance/.CLion2016.2/system/cmake/generated/ofxGeoFramework-4ae38f71/4ae38f71/MinSizeRel/CMakeFiles/CMakeTmp

Run Build Command:"/usr/bin/make" "cmTC_46272/fast"
/usr/bin/make -f CMakeFiles/cmTC_46272.dir/build.make CMakeFiles/cmTC_46272.dir/build
make[1]: Entering directory '/home/origamidance/.CLion2016.2/system/cmake/generated/ofxGeoFramework-4ae38f71/4ae38f71/MinSizeRel/CMakeFiles/CMakeTmp'
Building C object CMakeFiles/cmTC_46272.dir/CheckFunctionExists.c.o
/usr/bin/clang    -DCHECK_FUNCTION_EXISTS=XOpenDisplay   -o CMakeFiles/cmTC_46272.dir/CheckFunctionExists.c.o   -c /opt/clion/bin/cmake/share/cmake-3.5/Modules/CheckFunctionExists.c
Linking C executable cmTC_46272
/opt/clion/bin/cmake/bin/cmake -E cmake_link_script CMakeFiles/cmTC_46272.dir/link.txt --verbose=1
/usr/bin/clang   -DCHECK_FUNCTION_EXISTS=XOpenDisplay    CMakeFiles/cmTC_46272.dir/CheckFunctionExists.c.o  -o cmTC_46272 -rdynamic /usr/lib64/libX11.so /usr/lib64/libXext.so 
make[1]: Leaving directory '/home/origamidance/.CLion2016.2/system/cmake/generated/ofxGeoFramework-4ae38f71/4ae38f71/MinSizeRel/CMakeFiles/CMakeTmp'


Determining if the function gethostbyname exists passed with the following output:
Change Dir: /home/origamidance/.CLion2016.2/system/cmake/generated/ofxGeoFramework-4ae38f71/4ae38f71/MinSizeRel/CMakeFiles/CMakeTmp

Run Build Command:"/usr/bin/make" "cmTC_f04dd/fast"
/usr/bin/make -f CMakeFiles/cmTC_f04dd.dir/build.make CMakeFiles/cmTC_f04dd.dir/build
make[1]: Entering directory '/home/origamidance/.CLion2016.2/system/cmake/generated/ofxGeoFramework-4ae38f71/4ae38f71/MinSizeRel/CMakeFiles/CMakeTmp'
Building C object CMakeFiles/cmTC_f04dd.dir/CheckFunctionExists.c.o
/usr/bin/clang    -DCHECK_FUNCTION_EXISTS=gethostbyname   -o CMakeFiles/cmTC_f04dd.dir/CheckFunctionExists.c.o   -c /opt/clion/bin/cmake/share/cmake-3.5/Modules/CheckFunctionExists.c
Linking C executable cmTC_f04dd
/opt/clion/bin/cmake/bin/cmake -E cmake_link_script CMakeFiles/cmTC_f04dd.dir/link.txt --verbose=1
/usr/bin/clang   -DCHECK_FUNCTION_EXISTS=gethostbyname    CMakeFiles/cmTC_f04dd.dir/CheckFunctionExists.c.o  -o cmTC_f04dd -rdynamic 
make[1]: Leaving directory '/home/origamidance/.CLion2016.2/system/cmake/generated/ofxGeoFramework-4ae38f71/4ae38f71/MinSizeRel/CMakeFiles/CMakeTmp'


Determining if the function connect exists passed with the following output:
Change Dir: /home/origamidance/.CLion2016.2/system/cmake/generated/ofxGeoFramework-4ae38f71/4ae38f71/MinSizeRel/CMakeFiles/CMakeTmp

Run Build Command:"/usr/bin/make" "cmTC_34e73/fast"
/usr/bin/make -f CMakeFiles/cmTC_34e73.dir/build.make CMakeFiles/cmTC_34e73.dir/build
make[1]: Entering directory '/home/origamidance/.CLion2016.2/system/cmake/generated/ofxGeoFramework-4ae38f71/4ae38f71/MinSizeRel/CMakeFiles/CMakeTmp'
Building C object CMakeFiles/cmTC_34e73.dir/CheckFunctionExists.c.o
/usr/bin/clang    -DCHECK_FUNCTION_EXISTS=connect   -o CMakeFiles/cmTC_34e73.dir/CheckFunctionExists.c.o   -c /opt/clion/bin/cmake/share/cmake-3.5/Modules/CheckFunctionExists.c
Linking C executable cmTC_34e73
/opt/clion/bin/cmake/bin/cmake -E cmake_link_script CMakeFiles/cmTC_34e73.dir/link.txt --verbose=1
/usr/bin/clang   -DCHECK_FUNCTION_EXISTS=connect    CMakeFiles/cmTC_34e73.dir/CheckFunctionExists.c.o  -o cmTC_34e73 -rdynamic 
make[1]: Leaving directory '/home/origamidance/.CLion2016.2/system/cmake/generated/ofxGeoFramework-4ae38f71/4ae38f71/MinSizeRel/CMakeFiles/CMakeTmp'


Determining if the function remove exists passed with the following output:
Change Dir: /home/origamidance/.CLion2016.2/system/cmake/generated/ofxGeoFramework-4ae38f71/4ae38f71/MinSizeRel/CMakeFiles/CMakeTmp

Run Build Command:"/usr/bin/make" "cmTC_4e482/fast"
/usr/bin/make -f CMakeFiles/cmTC_4e482.dir/build.make CMakeFiles/cmTC_4e482.dir/build
make[1]: Entering directory '/home/origamidance/.CLion2016.2/system/cmake/generated/ofxGeoFramework-4ae38f71/4ae38f71/MinSizeRel/CMakeFiles/CMakeTmp'
Building C object CMakeFiles/cmTC_4e482.dir/CheckFunctionExists.c.o
/usr/bin/clang    -DCHECK_FUNCTION_EXISTS=remove   -o CMakeFiles/cmTC_4e482.dir/CheckFunctionExists.c.o   -c /opt/clion/bin/cmake/share/cmake-3.5/Modules/CheckFunctionExists.c
Linking C executable cmTC_4e482
/opt/clion/bin/cmake/bin/cmake -E cmake_link_script CMakeFiles/cmTC_4e482.dir/link.txt --verbose=1
/usr/bin/clang   -DCHECK_FUNCTION_EXISTS=remove    CMakeFiles/cmTC_4e482.dir/CheckFunctionExists.c.o  -o cmTC_4e482 -rdynamic 
make[1]: Leaving directory '/home/origamidance/.CLion2016.2/system/cmake/generated/ofxGeoFramework-4ae38f71/4ae38f71/MinSizeRel/CMakeFiles/CMakeTmp'


Determining if the function shmat exists passed with the following output:
Change Dir: /home/origamidance/.CLion2016.2/system/cmake/generated/ofxGeoFramework-4ae38f71/4ae38f71/MinSizeRel/CMakeFiles/CMakeTmp

Run Build Command:"/usr/bin/make" "cmTC_4a521/fast"
/usr/bin/make -f CMakeFiles/cmTC_4a521.dir/build.make CMakeFiles/cmTC_4a521.dir/build
make[1]: Entering directory '/home/origamidance/.CLion2016.2/system/cmake/generated/ofxGeoFramework-4ae38f71/4ae38f71/MinSizeRel/CMakeFiles/CMakeTmp'
Building C object CMakeFiles/cmTC_4a521.dir/CheckFunctionExists.c.o
/usr/bin/clang    -DCHECK_FUNCTION_EXISTS=shmat   -o CMakeFiles/cmTC_4a521.dir/CheckFunctionExists.c.o   -c /opt/clion/bin/cmake/share/cmake-3.5/Modules/CheckFunctionExists.c
Linking C executable cmTC_4a521
/opt/clion/bin/cmake/bin/cmake -E cmake_link_script CMakeFiles/cmTC_4a521.dir/link.txt --verbose=1
/usr/bin/clang   -DCHECK_FUNCTION_EXISTS=shmat    CMakeFiles/cmTC_4a521.dir/CheckFunctionExists.c.o  -o cmTC_4a521 -rdynamic 
make[1]: Leaving directory '/home/origamidance/.CLion2016.2/system/cmake/generated/ofxGeoFramework-4ae38f71/4ae38f71/MinSizeRel/CMakeFiles/CMakeTmp'


Determining if the function IceConnectionNumber exists in the ICE passed with the following output:
Change Dir: /home/origamidance/.CLion2016.2/system/cmake/generated/ofxGeoFramework-4ae38f71/4ae38f71/MinSizeRel/CMakeFiles/CMakeTmp

Run Build Command:"/usr/bin/make" "cmTC_b9db4/fast"
/usr/bin/make -f CMakeFiles/cmTC_b9db4.dir/build.make CMakeFiles/cmTC_b9db4.dir/build
make[1]: Entering directory '/home/origamidance/.CLion2016.2/system/cmake/generated/ofxGeoFramework-4ae38f71/4ae38f71/MinSizeRel/CMakeFiles/CMakeTmp'
Building C object CMakeFiles/cmTC_b9db4.dir/CheckFunctionExists.c.o
/usr/bin/clang    -DCHECK_FUNCTION_EXISTS=IceConnectionNumber   -o CMakeFiles/cmTC_b9db4.dir/CheckFunctionExists.c.o   -c /opt/clion/bin/cmake/share/cmake-3.5/Modules/CheckFunctionExists.c
Linking C executable cmTC_b9db4
/opt/clion/bin/cmake/bin/cmake -E cmake_link_script CMakeFiles/cmTC_b9db4.dir/link.txt --verbose=1
/usr/bin/clang   -DCHECK_FUNCTION_EXISTS=IceConnectionNumber    CMakeFiles/cmTC_b9db4.dir/CheckFunctionExists.c.o  -o cmTC_b9db4 -rdynamic -lICE 
make[1]: Leaving directory '/home/origamidance/.CLion2016.2/system/cmake/generated/ofxGeoFramework-4ae38f71/4ae38f71/MinSizeRel/CMakeFiles/CMakeTmp'


Determining if the include file pthread.h exists passed with the following output:
Change Dir: /home/origamidance/.CLion2016.2/system/cmake/generated/ofxGeoFramework-4ae38f71/4ae38f71/MinSizeRel/CMakeFiles/CMakeTmp

Run Build Command:"/usr/bin/make" "cmTC_20dda/fast"
/usr/bin/make -f CMakeFiles/cmTC_20dda.dir/build.make CMakeFiles/cmTC_20dda.dir/build
make[1]: Entering directory '/home/origamidance/.CLion2016.2/system/cmake/generated/ofxGeoFramework-4ae38f71/4ae38f71/MinSizeRel/CMakeFiles/CMakeTmp'
Building C object CMakeFiles/cmTC_20dda.dir/CheckIncludeFile.c.o
/usr/bin/clang     -o CMakeFiles/cmTC_20dda.dir/CheckIncludeFile.c.o   -c /home/origamidance/.CLion2016.2/system/cmake/generated/ofxGeoFramework-4ae38f71/4ae38f71/MinSizeRel/CMakeFiles/CMakeTmp/CheckIncludeFile.c
Linking C executable cmTC_20dda
/opt/clion/bin/cmake/bin/cmake -E cmake_link_script CMakeFiles/cmTC_20dda.dir/link.txt --verbose=1
/usr/bin/clang       CMakeFiles/cmTC_20dda.dir/CheckIncludeFile.c.o  -o cmTC_20dda -rdynamic 
make[1]: Leaving directory '/home/origamidance/.CLion2016.2/system/cmake/generated/ofxGeoFramework-4ae38f71/4ae38f71/MinSizeRel/CMakeFiles/CMakeTmp'


Determining if the function pthread_create exists in the pthread passed with the following output:
Change Dir: /home/origamidance/.CLion2016.2/system/cmake/generated/ofxGeoFramework-4ae38f71/4ae38f71/MinSizeRel/CMakeFiles/CMakeTmp

Run Build Command:"/usr/bin/make" "cmTC_b0f43/fast"
/usr/bin/make -f CMakeFiles/cmTC_b0f43.dir/build.make CMakeFiles/cmTC_b0f43.dir/build
make[1]: Entering directory '/home/origamidance/.CLion2016.2/system/cmake/generated/ofxGeoFramework-4ae38f71/4ae38f71/MinSizeRel/CMakeFiles/CMakeTmp'
Building C object CMakeFiles/cmTC_b0f43.dir/CheckFunctionExists.c.o
/usr/bin/clang    -DCHECK_FUNCTION_EXISTS=pthread_create   -o CMakeFiles/cmTC_b0f43.dir/CheckFunctionExists.c.o   -c /opt/clion/bin/cmake/share/cmake-3.5/Modules/CheckFunctionExists.c
Linking C executable cmTC_b0f43
/opt/clion/bin/cmake/bin/cmake -E cmake_link_script CMakeFiles/cmTC_b0f43.dir/link.txt --verbose=1
/usr/bin/clang   -DCHECK_FUNCTION_EXISTS=pthread_create    CMakeFiles/cmTC_b0f43.dir/CheckFunctionExists.c.o  -o cmTC_b0f43 -rdynamic -lpthread 
make[1]: Leaving directory '/home/origamidance/.CLion2016.2/system/cmake/generated/ofxGeoFramework-4ae38f71/4ae38f71/MinSizeRel/CMakeFiles/CMakeTmp'


