Determining if the pthread_create exist failed with the following output:
Change Dir: /home/origamidance/.CLion2016.2/system/cmake/generated/mech_trans-466f6463/466f6463/__default__/CMakeFiles/CMakeTmp

Run Build Command:"/usr/bin/make" "cmTC_c9276/fast"
/usr/bin/make -f CMakeFiles/cmTC_c9276.dir/build.make CMakeFiles/cmTC_c9276.dir/build
make[1]: Entering directory '/home/origamidance/.CLion2016.2/system/cmake/generated/mech_trans-466f6463/466f6463/__default__/CMakeFiles/CMakeTmp'
Building C object CMakeFiles/cmTC_c9276.dir/CheckSymbolExists.c.o
/usr/bin/cc     -o CMakeFiles/cmTC_c9276.dir/CheckSymbolExists.c.o   -c /home/origamidance/.CLion2016.2/system/cmake/generated/mech_trans-466f6463/466f6463/__default__/CMakeFiles/CMakeTmp/CheckSymbolExists.c
Linking C executable cmTC_c9276
/usr/bin/cmake -E cmake_link_script CMakeFiles/cmTC_c9276.dir/link.txt --verbose=1
/usr/bin/cc       CMakeFiles/cmTC_c9276.dir/CheckSymbolExists.c.o  -o cmTC_c9276 -rdynamic 
CMakeFiles/cmTC_c9276.dir/CheckSymbolExists.c.o: In function `main':
CheckSymbolExists.c:(.text+0x16): undefined reference to `pthread_create'
collect2: error: ld returned 1 exit status
make[1]: *** [CMakeFiles/cmTC_c9276.dir/build.make:98: cmTC_c9276] Error 1
make[1]: Leaving directory '/home/origamidance/.CLion2016.2/system/cmake/generated/mech_trans-466f6463/466f6463/__default__/CMakeFiles/CMakeTmp'
make: *** [Makefile:126: cmTC_c9276/fast] Error 2

File /home/origamidance/.CLion2016.2/system/cmake/generated/mech_trans-466f6463/466f6463/__default__/CMakeFiles/CMakeTmp/CheckSymbolExists.c:
/* */
#include <pthread.h>

int main(int argc, char** argv)
{
  (void)argv;
#ifndef pthread_create
  return ((int*)(&pthread_create))[argc];
#else
  (void)argc;
  return 0;
#endif
}

Determining if the function pthread_create exists in the pthreads failed with the following output:
Change Dir: /home/origamidance/.CLion2016.2/system/cmake/generated/mech_trans-466f6463/466f6463/__default__/CMakeFiles/CMakeTmp

Run Build Command:"/usr/bin/make" "cmTC_d4c66/fast"
/usr/bin/make -f CMakeFiles/cmTC_d4c66.dir/build.make CMakeFiles/cmTC_d4c66.dir/build
make[1]: Entering directory '/home/origamidance/.CLion2016.2/system/cmake/generated/mech_trans-466f6463/466f6463/__default__/CMakeFiles/CMakeTmp'
Building C object CMakeFiles/cmTC_d4c66.dir/CheckFunctionExists.c.o
/usr/bin/cc    -DCHECK_FUNCTION_EXISTS=pthread_create   -o CMakeFiles/cmTC_d4c66.dir/CheckFunctionExists.c.o   -c /usr/share/cmake-3.6/Modules/CheckFunctionExists.c
Linking C executable cmTC_d4c66
/usr/bin/cmake -E cmake_link_script CMakeFiles/cmTC_d4c66.dir/link.txt --verbose=1
/usr/bin/cc   -DCHECK_FUNCTION_EXISTS=pthread_create    CMakeFiles/cmTC_d4c66.dir/CheckFunctionExists.c.o  -o cmTC_d4c66 -rdynamic -lpthreads 
/usr/bin/ld: cannot find -lpthreads
collect2: error: ld returned 1 exit status
make[1]: *** [CMakeFiles/cmTC_d4c66.dir/build.make:98: cmTC_d4c66] Error 1
make[1]: Leaving directory '/home/origamidance/.CLion2016.2/system/cmake/generated/mech_trans-466f6463/466f6463/__default__/CMakeFiles/CMakeTmp'
make: *** [Makefile:126: cmTC_d4c66/fast] Error 2


